{"$message_type":"diagnostic","message":"mismatched types","code":{"code":"E0308","explanation":"Expected type did not match the received type.\n\nErroneous code examples:\n\n```compile_fail,E0308\nfn plus_one(x: i32) -> i32 {\n    x + 1\n}\n\nplus_one(\"Not a number\");\n//       ^^^^^^^^^^^^^^ expected `i32`, found `&str`\n\nif \"Not a bool\" {\n// ^^^^^^^^^^^^ expected `bool`, found `&str`\n}\n\nlet x: f32 = \"Not a float\";\n//     ---   ^^^^^^^^^^^^^ expected `f32`, found `&str`\n//     |\n//     expected due to this\n```\n\nThis error occurs when an expression was used in a place where the compiler\nexpected an expression of a different type. It can occur in several cases, the\nmost common being when calling a function and passing an argument which has a\ndifferent type than the matching type in the function declaration.\n"},"level":"error","spans":[{"file_name":"src/mutation/observer.rs","byte_start":2273,"byte_end":2287,"line_start":76,"line_end":76,"column_start":56,"column_end":70,"is_primary":true,"text":[{"text":"            .find(|n| n.node.ptr_eq(&WeakNodeRef::from(target.clone())))","highlight_start":56,"highlight_end":70}],"label":"expected `Weak<RwLock<RawRwLock, Box<dyn Node>>>`, found `Arc<RwLock<RawRwLock, Box<dyn Node>>>`","suggested_replacement":null,"suggestion_applicability":null,"expansion":null},{"file_name":"src/mutation/observer.rs","byte_start":2255,"byte_end":2272,"line_start":76,"line_end":76,"column_start":38,"column_end":55,"is_primary":false,"text":[{"text":"            .find(|n| n.node.ptr_eq(&WeakNodeRef::from(target.clone())))","highlight_start":38,"highlight_end":55}],"label":"arguments to this function are incorrect","suggested_replacement":null,"suggestion_applicability":null,"expansion":null}],"children":[{"message":"expected struct `std::sync::Weak<parking_lot::lock_api::RwLock<parking_lot::RawRwLock, Box<(dyn Node + 'static)>>>`\n   found struct `Arc<parking_lot::lock_api::RwLock<parking_lot::RawRwLock, Box<(dyn Node + 'static)>>>`","code":null,"level":"note","spans":[],"children":[],"rendered":null},{"message":"associated function defined here","code":null,"level":"note","spans":[{"file_name":"/rustc/ed61e7d7e242494fb7057f2657300d9e77bb4fcb/library/core/src/convert/mod.rs","byte_start":23066,"byte_end":23070,"line_start":592,"line_end":592,"column_start":8,"column_end":12,"is_primary":true,"text":[],"label":null,"suggested_replacement":null,"suggestion_applicability":null,"expansion":null}],"children":[],"rendered":null}],"rendered":"\u001b[0m\u001b[1m\u001b[38;5;9merror[E0308]\u001b[0m\u001b[0m\u001b[1m: mismatched types\u001b[0m\n\u001b[0m  \u001b[0m\u001b[0m\u001b[1m\u001b[38;5;12m--> \u001b[0m\u001b[0msrc/mutation/observer.rs:76:56\u001b[0m\n\u001b[0m   \u001b[0m\u001b[0m\u001b[1m\u001b[38;5;12m|\u001b[0m\n\u001b[0m\u001b[1m\u001b[38;5;12m76\u001b[0m\u001b[0m \u001b[0m\u001b[0m\u001b[1m\u001b[38;5;12m|\u001b[0m\u001b[0m \u001b[0m\u001b[0m            .find(|n| n.node.ptr_eq(&WeakNodeRef::from(target.clone())))\u001b[0m\n\u001b[0m   \u001b[0m\u001b[0m\u001b[1m\u001b[38;5;12m|\u001b[0m\u001b[0m                                      \u001b[0m\u001b[0m\u001b[1m\u001b[38;5;12m-----------------\u001b[0m\u001b[0m \u001b[0m\u001b[0m\u001b[1m\u001b[38;5;9m^^^^^^^^^^^^^^\u001b[0m\u001b[0m \u001b[0m\u001b[0m\u001b[1m\u001b[38;5;9mexpected `Weak<RwLock<RawRwLock, Box<dyn Node>>>`, found `Arc<RwLock<RawRwLock, Box<dyn Node>>>`\u001b[0m\n\u001b[0m   \u001b[0m\u001b[0m\u001b[1m\u001b[38;5;12m|\u001b[0m\u001b[0m                                      \u001b[0m\u001b[0m\u001b[1m\u001b[38;5;12m|\u001b[0m\n\u001b[0m   \u001b[0m\u001b[0m\u001b[1m\u001b[38;5;12m|\u001b[0m\u001b[0m                                      \u001b[0m\u001b[0m\u001b[1m\u001b[38;5;12marguments to this function are incorrect\u001b[0m\n\u001b[0m   \u001b[0m\u001b[0m\u001b[1m\u001b[38;5;12m|\u001b[0m\n\u001b[0m   \u001b[0m\u001b[0m\u001b[1m\u001b[38;5;12m= \u001b[0m\u001b[0m\u001b[1mnote\u001b[0m\u001b[0m: expected struct `\u001b[0m\u001b[0m\u001b[1m\u001b[35mstd::sync::Weak<parking_lot::lock_api::RwLock<parking_lot::RawRwLock, Box<(dyn Node + 'static)>>>\u001b[0m\u001b[0m`\u001b[0m\n\u001b[0m              found struct `\u001b[0m\u001b[0m\u001b[1m\u001b[35mArc<parking_lot::lock_api::RwLock<parking_lot::RawRwLock, Box<(dyn Node + 'static)>>>\u001b[0m\u001b[0m`\u001b[0m\n\u001b[0m\u001b[1m\u001b[38;5;10mnote\u001b[0m\u001b[0m: associated function defined here\u001b[0m\n\u001b[0m  \u001b[0m\u001b[0m\u001b[1m\u001b[38;5;12m--> \u001b[0m\u001b[0m/rustc/ed61e7d7e242494fb7057f2657300d9e77bb4fcb/library/core/src/convert/mod.rs:592:8\u001b[0m\n\n"}
{"$message_type":"diagnostic","message":"mismatched types","code":{"code":"E0308","explanation":"Expected type did not match the received type.\n\nErroneous code examples:\n\n```compile_fail,E0308\nfn plus_one(x: i32) -> i32 {\n    x + 1\n}\n\nplus_one(\"Not a number\");\n//       ^^^^^^^^^^^^^^ expected `i32`, found `&str`\n\nif \"Not a bool\" {\n// ^^^^^^^^^^^^ expected `bool`, found `&str`\n}\n\nlet x: f32 = \"Not a float\";\n//     ---   ^^^^^^^^^^^^^ expected `f32`, found `&str`\n//     |\n//     expected due to this\n```\n\nThis error occurs when an expression was used in a place where the compiler\nexpected an expression of a different type. It can occur in several cases, the\nmost common being when calling a function and passing an argument which has a\ndifferent type than the matching type in the function declaration.\n"},"level":"error","spans":[{"file_name":"src/mutation/observer.rs","byte_start":2495,"byte_end":2501,"line_start":84,"line_end":84,"column_start":37,"column_end":43,"is_primary":true,"text":[{"text":"            node: WeakNodeRef::from(target),","highlight_start":37,"highlight_end":43}],"label":"expected `Weak<RwLock<RawRwLock, Box<dyn Node>>>`, found `Arc<RwLock<RawRwLock, Box<dyn Node>>>`","suggested_replacement":null,"suggestion_applicability":null,"expansion":null},{"file_name":"src/mutation/observer.rs","byte_start":2477,"byte_end":2494,"line_start":84,"line_end":84,"column_start":19,"column_end":36,"is_primary":false,"text":[{"text":"            node: WeakNodeRef::from(target),","highlight_start":19,"highlight_end":36}],"label":"arguments to this function are incorrect","suggested_replacement":null,"suggestion_applicability":null,"expansion":null}],"children":[{"message":"expected struct `std::sync::Weak<parking_lot::lock_api::RwLock<parking_lot::RawRwLock, Box<(dyn Node + 'static)>>>`\n   found struct `Arc<parking_lot::lock_api::RwLock<parking_lot::RawRwLock, Box<(dyn Node + 'static)>>>`","code":null,"level":"note","spans":[],"children":[],"rendered":null},{"message":"associated function defined here","code":null,"level":"note","spans":[{"file_name":"/rustc/ed61e7d7e242494fb7057f2657300d9e77bb4fcb/library/core/src/convert/mod.rs","byte_start":23066,"byte_end":23070,"line_start":592,"line_end":592,"column_start":8,"column_end":12,"is_primary":true,"text":[],"label":null,"suggested_replacement":null,"suggestion_applicability":null,"expansion":null}],"children":[],"rendered":null}],"rendered":"\u001b[0m\u001b[1m\u001b[38;5;9merror[E0308]\u001b[0m\u001b[0m\u001b[1m: mismatched types\u001b[0m\n\u001b[0m  \u001b[0m\u001b[0m\u001b[1m\u001b[38;5;12m--> \u001b[0m\u001b[0msrc/mutation/observer.rs:84:37\u001b[0m\n\u001b[0m   \u001b[0m\u001b[0m\u001b[1m\u001b[38;5;12m|\u001b[0m\n\u001b[0m\u001b[1m\u001b[38;5;12m84\u001b[0m\u001b[0m \u001b[0m\u001b[0m\u001b[1m\u001b[38;5;12m|\u001b[0m\u001b[0m \u001b[0m\u001b[0m            node: WeakNodeRef::from(target),\u001b[0m\n\u001b[0m   \u001b[0m\u001b[0m\u001b[1m\u001b[38;5;12m|\u001b[0m\u001b[0m                   \u001b[0m\u001b[0m\u001b[1m\u001b[38;5;12m-----------------\u001b[0m\u001b[0m \u001b[0m\u001b[0m\u001b[1m\u001b[38;5;9m^^^^^^\u001b[0m\u001b[0m \u001b[0m\u001b[0m\u001b[1m\u001b[38;5;9mexpected `Weak<RwLock<RawRwLock, Box<dyn Node>>>`, found `Arc<RwLock<RawRwLock, Box<dyn Node>>>`\u001b[0m\n\u001b[0m   \u001b[0m\u001b[0m\u001b[1m\u001b[38;5;12m|\u001b[0m\u001b[0m                   \u001b[0m\u001b[0m\u001b[1m\u001b[38;5;12m|\u001b[0m\n\u001b[0m   \u001b[0m\u001b[0m\u001b[1m\u001b[38;5;12m|\u001b[0m\u001b[0m                   \u001b[0m\u001b[0m\u001b[1m\u001b[38;5;12marguments to this function are incorrect\u001b[0m\n\u001b[0m   \u001b[0m\u001b[0m\u001b[1m\u001b[38;5;12m|\u001b[0m\n\u001b[0m   \u001b[0m\u001b[0m\u001b[1m\u001b[38;5;12m= \u001b[0m\u001b[0m\u001b[1mnote\u001b[0m\u001b[0m: expected struct `\u001b[0m\u001b[0m\u001b[1m\u001b[35mstd::sync::Weak<parking_lot::lock_api::RwLock<parking_lot::RawRwLock, Box<(dyn Node + 'static)>>>\u001b[0m\u001b[0m`\u001b[0m\n\u001b[0m              found struct `\u001b[0m\u001b[0m\u001b[1m\u001b[35mArc<parking_lot::lock_api::RwLock<parking_lot::RawRwLock, Box<(dyn Node + 'static)>>>\u001b[0m\u001b[0m`\u001b[0m\n\u001b[0m\u001b[1m\u001b[38;5;10mnote\u001b[0m\u001b[0m: associated function defined here\u001b[0m\n\u001b[0m  \u001b[0m\u001b[0m\u001b[1m\u001b[38;5;12m--> \u001b[0m\u001b[0m/rustc/ed61e7d7e242494fb7057f2657300d9e77bb4fcb/library/core/src/convert/mod.rs:592:8\u001b[0m\n\n"}
{"$message_type":"diagnostic","message":"`(dyn Node + 'static)` doesn't implement `Debug`","code":{"code":"E0277","explanation":"You tried to use a type which doesn't implement some trait in a place which\nexpected that trait.\n\nErroneous code example:\n\n```compile_fail,E0277\n// here we declare the Foo trait with a bar method\ntrait Foo {\n    fn bar(&self);\n}\n\n// we now declare a function which takes an object implementing the Foo trait\nfn some_func<T: Foo>(foo: T) {\n    foo.bar();\n}\n\nfn main() {\n    // we now call the method with the i32 type, which doesn't implement\n    // the Foo trait\n    some_func(5i32); // error: the trait bound `i32 : Foo` is not satisfied\n}\n```\n\nIn order to fix this error, verify that the type you're using does implement\nthe trait. Example:\n\n```\ntrait Foo {\n    fn bar(&self);\n}\n\n// we implement the trait on the i32 type\nimpl Foo for i32 {\n    fn bar(&self) {}\n}\n\nfn some_func<T: Foo>(foo: T) {\n    foo.bar(); // we can now use this method since i32 implements the\n               // Foo trait\n}\n\nfn main() {\n    some_func(5i32); // ok!\n}\n```\n\nOr in a generic context, an erroneous code example would look like:\n\n```compile_fail,E0277\nfn some_func<T>(foo: T) {\n    println!(\"{:?}\", foo); // error: the trait `core::fmt::Debug` is not\n                           //        implemented for the type `T`\n}\n\nfn main() {\n    // We now call the method with the i32 type,\n    // which *does* implement the Debug trait.\n    some_func(5i32);\n}\n```\n\nNote that the error here is in the definition of the generic function. Although\nwe only call it with a parameter that does implement `Debug`, the compiler\nstill rejects the function. It must work with all possible input types. In\norder to make this example compile, we need to restrict the generic type we're\naccepting:\n\n```\nuse std::fmt;\n\n// Restrict the input type to types that implement Debug.\nfn some_func<T: fmt::Debug>(foo: T) {\n    println!(\"{:?}\", foo);\n}\n\nfn main() {\n    // Calling the method is still fine, as i32 implements Debug.\n    some_func(5i32);\n\n    // This would fail to compile now:\n    // struct WithoutDebug;\n    // some_func(WithoutDebug);\n}\n```\n\nRust only looks at the signature of the called function, as such it must\nalready specify all requirements that will be used for every type parameter.\n"},"level":"error","spans":[{"file_name":"src/mutation/record.rs","byte_start":1163,"byte_end":1182,"line_start":41,"line_end":41,"column_start":5,"column_end":24,"is_primary":true,"text":[{"text":"    pub target: NodeRef,","highlight_start":5,"highlight_end":24}],"label":"the trait `Debug` is not implemented for `(dyn Node + 'static)`","suggested_replacement":null,"suggestion_applicability":null,"expansion":{"span":{"file_name":"src/mutation/record.rs","byte_start":1020,"byte_end":1025,"line_start":36,"line_end":36,"column_start":10,"column_end":15,"is_primary":false,"text":[{"text":"#[derive(Debug, Clone)]","highlight_start":10,"highlight_end":15}],"label":null,"suggested_replacement":null,"suggestion_applicability":null,"expansion":null},"macro_decl_name":"#[derive(Debug)]","def_site_span":{"file_name":"/rustc/ed61e7d7e242494fb7057f2657300d9e77bb4fcb/library/core/src/fmt/mod.rs","byte_start":34298,"byte_end":34313,"line_start":912,"line_end":912,"column_start":5,"column_end":20,"is_primary":false,"text":[],"label":null,"suggested_replacement":null,"suggestion_applicability":null,"expansion":null}}}],"children":[{"message":"the following other types implement trait `Debug`:\n  dyn Any + Send + Sync\n  dyn Any + Send\n  dyn Any","code":null,"level":"help","spans":[],"children":[],"rendered":null}],"rendered":"\u001b[0m\u001b[1m\u001b[38;5;9merror[E0277]\u001b[0m\u001b[0m\u001b[1m: `(dyn Node + 'static)` doesn't implement `Debug`\u001b[0m\n\u001b[0m  \u001b[0m\u001b[0m\u001b[1m\u001b[38;5;12m--> \u001b[0m\u001b[0msrc/mutation/record.rs:41:5\u001b[0m\n\u001b[0m   \u001b[0m\u001b[0m\u001b[1m\u001b[38;5;12m|\u001b[0m\n\u001b[0m\u001b[1m\u001b[38;5;12m36\u001b[0m\u001b[0m \u001b[0m\u001b[0m\u001b[1m\u001b[38;5;12m|\u001b[0m\u001b[0m \u001b[0m\u001b[0m#[derive(Debug, Clone)]\u001b[0m\n\u001b[0m   \u001b[0m\u001b[0m\u001b[1m\u001b[38;5;12m|\u001b[0m\u001b[0m          \u001b[0m\u001b[0m\u001b[1m\u001b[38;5;12m-----\u001b[0m\u001b[0m \u001b[0m\u001b[0m\u001b[1m\u001b[38;5;12min this derive macro expansion\u001b[0m\n\u001b[0m\u001b[1m\u001b[38;5;12m...\u001b[0m\n\u001b[0m\u001b[1m\u001b[38;5;12m41\u001b[0m\u001b[0m \u001b[0m\u001b[0m\u001b[1m\u001b[38;5;12m|\u001b[0m\u001b[0m \u001b[0m\u001b[0m    pub target: NodeRef,\u001b[0m\n\u001b[0m   \u001b[0m\u001b[0m\u001b[1m\u001b[38;5;12m|\u001b[0m\u001b[0m     \u001b[0m\u001b[0m\u001b[1m\u001b[38;5;9m^^^^^^^^^^^^^^^^^^^\u001b[0m\u001b[0m \u001b[0m\u001b[0m\u001b[1m\u001b[38;5;9mthe trait `Debug` is not implemented for `(dyn Node + 'static)`\u001b[0m\n\u001b[0m   \u001b[0m\u001b[0m\u001b[1m\u001b[38;5;12m|\u001b[0m\n\u001b[0m   \u001b[0m\u001b[0m\u001b[1m\u001b[38;5;12m= \u001b[0m\u001b[0m\u001b[1mhelp\u001b[0m\u001b[0m: the following other types implement trait `Debug`:\u001b[0m\n\u001b[0m             dyn Any + Send + Sync\u001b[0m\n\u001b[0m             dyn Any + Send\u001b[0m\n\u001b[0m             dyn Any\u001b[0m\n\n"}
{"$message_type":"diagnostic","message":"`(dyn Node + 'static)` doesn't implement `Debug`","code":{"code":"E0277","explanation":"You tried to use a type which doesn't implement some trait in a place which\nexpected that trait.\n\nErroneous code example:\n\n```compile_fail,E0277\n// here we declare the Foo trait with a bar method\ntrait Foo {\n    fn bar(&self);\n}\n\n// we now declare a function which takes an object implementing the Foo trait\nfn some_func<T: Foo>(foo: T) {\n    foo.bar();\n}\n\nfn main() {\n    // we now call the method with the i32 type, which doesn't implement\n    // the Foo trait\n    some_func(5i32); // error: the trait bound `i32 : Foo` is not satisfied\n}\n```\n\nIn order to fix this error, verify that the type you're using does implement\nthe trait. Example:\n\n```\ntrait Foo {\n    fn bar(&self);\n}\n\n// we implement the trait on the i32 type\nimpl Foo for i32 {\n    fn bar(&self) {}\n}\n\nfn some_func<T: Foo>(foo: T) {\n    foo.bar(); // we can now use this method since i32 implements the\n               // Foo trait\n}\n\nfn main() {\n    some_func(5i32); // ok!\n}\n```\n\nOr in a generic context, an erroneous code example would look like:\n\n```compile_fail,E0277\nfn some_func<T>(foo: T) {\n    println!(\"{:?}\", foo); // error: the trait `core::fmt::Debug` is not\n                           //        implemented for the type `T`\n}\n\nfn main() {\n    // We now call the method with the i32 type,\n    // which *does* implement the Debug trait.\n    some_func(5i32);\n}\n```\n\nNote that the error here is in the definition of the generic function. Although\nwe only call it with a parameter that does implement `Debug`, the compiler\nstill rejects the function. It must work with all possible input types. In\norder to make this example compile, we need to restrict the generic type we're\naccepting:\n\n```\nuse std::fmt;\n\n// Restrict the input type to types that implement Debug.\nfn some_func<T: fmt::Debug>(foo: T) {\n    println!(\"{:?}\", foo);\n}\n\nfn main() {\n    // Calling the method is still fine, as i32 implements Debug.\n    some_func(5i32);\n\n    // This would fail to compile now:\n    // struct WithoutDebug;\n    // some_func(WithoutDebug);\n}\n```\n\nRust only looks at the signature of the called function, as such it must\nalready specify all requirements that will be used for every type parameter.\n"},"level":"error","spans":[{"file_name":"src/range.rs","byte_start":306,"byte_end":330,"line_start":12,"line_end":12,"column_start":5,"column_end":29,"is_primary":true,"text":[{"text":"    start_container: NodeRef,","highlight_start":5,"highlight_end":29}],"label":"the trait `Debug` is not implemented for `(dyn Node + 'static)`","suggested_replacement":null,"suggestion_applicability":null,"expansion":{"span":{"file_name":"src/range.rs","byte_start":268,"byte_end":273,"line_start":10,"line_end":10,"column_start":10,"column_end":15,"is_primary":false,"text":[{"text":"#[derive(Debug, Clone)]","highlight_start":10,"highlight_end":15}],"label":null,"suggested_replacement":null,"suggestion_applicability":null,"expansion":null},"macro_decl_name":"#[derive(Debug)]","def_site_span":{"file_name":"/rustc/ed61e7d7e242494fb7057f2657300d9e77bb4fcb/library/core/src/fmt/mod.rs","byte_start":34298,"byte_end":34313,"line_start":912,"line_end":912,"column_start":5,"column_end":20,"is_primary":false,"text":[],"label":null,"suggested_replacement":null,"suggestion_applicability":null,"expansion":null}}}],"children":[{"message":"the following other types implement trait `Debug`:\n  dyn Any + Send + Sync\n  dyn Any + Send\n  dyn Any","code":null,"level":"help","spans":[],"children":[],"rendered":null}],"rendered":"\u001b[0m\u001b[1m\u001b[38;5;9merror[E0277]\u001b[0m\u001b[0m\u001b[1m: `(dyn Node + 'static)` doesn't implement `Debug`\u001b[0m\n\u001b[0m  \u001b[0m\u001b[0m\u001b[1m\u001b[38;5;12m--> \u001b[0m\u001b[0msrc/range.rs:12:5\u001b[0m\n\u001b[0m   \u001b[0m\u001b[0m\u001b[1m\u001b[38;5;12m|\u001b[0m\n\u001b[0m\u001b[1m\u001b[38;5;12m10\u001b[0m\u001b[0m \u001b[0m\u001b[0m\u001b[1m\u001b[38;5;12m|\u001b[0m\u001b[0m \u001b[0m\u001b[0m#[derive(Debug, Clone)]\u001b[0m\n\u001b[0m   \u001b[0m\u001b[0m\u001b[1m\u001b[38;5;12m|\u001b[0m\u001b[0m          \u001b[0m\u001b[0m\u001b[1m\u001b[38;5;12m-----\u001b[0m\u001b[0m \u001b[0m\u001b[0m\u001b[1m\u001b[38;5;12min this derive macro expansion\u001b[0m\n\u001b[0m\u001b[1m\u001b[38;5;12m11\u001b[0m\u001b[0m \u001b[0m\u001b[0m\u001b[1m\u001b[38;5;12m|\u001b[0m\u001b[0m \u001b[0m\u001b[0mpub struct Range {\u001b[0m\n\u001b[0m\u001b[1m\u001b[38;5;12m12\u001b[0m\u001b[0m \u001b[0m\u001b[0m\u001b[1m\u001b[38;5;12m|\u001b[0m\u001b[0m \u001b[0m\u001b[0m    start_container: NodeRef,\u001b[0m\n\u001b[0m   \u001b[0m\u001b[0m\u001b[1m\u001b[38;5;12m|\u001b[0m\u001b[0m     \u001b[0m\u001b[0m\u001b[1m\u001b[38;5;9m^^^^^^^^^^^^^^^^^^^^^^^^\u001b[0m\u001b[0m \u001b[0m\u001b[0m\u001b[1m\u001b[38;5;9mthe trait `Debug` is not implemented for `(dyn Node + 'static)`\u001b[0m\n\u001b[0m   \u001b[0m\u001b[0m\u001b[1m\u001b[38;5;12m|\u001b[0m\n\u001b[0m   \u001b[0m\u001b[0m\u001b[1m\u001b[38;5;12m= \u001b[0m\u001b[0m\u001b[1mhelp\u001b[0m\u001b[0m: the following other types implement trait `Debug`:\u001b[0m\n\u001b[0m             dyn Any + Send + Sync\u001b[0m\n\u001b[0m             dyn Any + Send\u001b[0m\n\u001b[0m             dyn Any\u001b[0m\n\n"}
{"$message_type":"diagnostic","message":"no method named `ptr_eq` found for struct `Arc<parking_lot::lock_api::RwLock<parking_lot::RawRwLock, Box<(dyn Node + 'static)>>>` in the current scope","code":{"code":"E0599","explanation":"This error occurs when a method is used on a type which doesn't implement it:\n\nErroneous code example:\n\n```compile_fail,E0599\nstruct Mouth;\n\nlet x = Mouth;\nx.chocolate(); // error: no method named `chocolate` found for type `Mouth`\n               //        in the current scope\n```\n\nIn this case, you need to implement the `chocolate` method to fix the error:\n\n```\nstruct Mouth;\n\nimpl Mouth {\n    fn chocolate(&self) { // We implement the `chocolate` method here.\n        println!(\"Hmmm! I love chocolate!\");\n    }\n}\n\nlet x = Mouth;\nx.chocolate(); // ok!\n```\n"},"level":"error","spans":[{"file_name":"src/range.rs","byte_start":1745,"byte_end":1751,"line_start":61,"line_end":61,"column_start":30,"column_end":36,"is_primary":true,"text":[{"text":"        self.start_container.ptr_eq(&self.end_container) && self.start_offset == self.end_offset","highlight_start":30,"highlight_end":36}],"label":"this is an associated function, not a method","suggested_replacement":null,"suggestion_applicability":null,"expansion":null}],"children":[{"message":"found the following associated functions; to be used as methods, functions must have a `self` parameter","code":null,"level":"note","spans":[],"children":[],"rendered":null},{"message":"the candidate is defined in an impl for the type `Arc<T, A>`","code":null,"level":"note","spans":[],"children":[],"rendered":null},{"message":"use associated function syntax instead","code":null,"level":"help","spans":[{"file_name":"src/range.rs","byte_start":1724,"byte_end":1772,"line_start":61,"line_end":61,"column_start":9,"column_end":57,"is_primary":true,"text":[{"text":"        self.start_container.ptr_eq(&self.end_container) && self.start_offset == self.end_offset","highlight_start":9,"highlight_end":57}],"label":null,"suggested_replacement":"Arc::<parking_lot::lock_api::RwLock<parking_lot::RawRwLock, Box<(dyn Node + 'static)>>>::ptr_eq(&self.start_container, &self.end_container)","suggestion_applicability":"MachineApplicable","expansion":null}],"children":[],"rendered":null}],"rendered":"\u001b[0m\u001b[1m\u001b[38;5;9merror[E0599]\u001b[0m\u001b[0m\u001b[1m: no method named `ptr_eq` found for struct `Arc<parking_lot::lock_api::RwLock<parking_lot::RawRwLock, Box<(dyn Node + 'static)>>>` in the current scope\u001b[0m\n\u001b[0m  \u001b[0m\u001b[0m\u001b[1m\u001b[38;5;12m--> \u001b[0m\u001b[0msrc/range.rs:61:30\u001b[0m\n\u001b[0m   \u001b[0m\u001b[0m\u001b[1m\u001b[38;5;12m|\u001b[0m\n\u001b[0m\u001b[1m\u001b[38;5;12m61\u001b[0m\u001b[0m \u001b[0m\u001b[0m\u001b[1m\u001b[38;5;12m|\u001b[0m\u001b[0m \u001b[0m\u001b[0m        self.start_container.ptr_eq(&self.end_container) && self.start_offset == self.end_offset\u001b[0m\n\u001b[0m   \u001b[0m\u001b[0m\u001b[1m\u001b[38;5;12m|\u001b[0m\u001b[0m         \u001b[0m\u001b[0m\u001b[1m\u001b[38;5;12m---------------------\u001b[0m\u001b[0m\u001b[1m\u001b[38;5;9m^^^^^^\u001b[0m\u001b[0m\u001b[1m\u001b[38;5;12m---------------------\u001b[0m\n\u001b[0m   \u001b[0m\u001b[0m\u001b[1m\u001b[38;5;12m|\u001b[0m\u001b[0m         \u001b[0m\u001b[0m\u001b[1m\u001b[38;5;12m|\u001b[0m\u001b[0m                    \u001b[0m\u001b[0m\u001b[1m\u001b[38;5;9m|\u001b[0m\n\u001b[0m   \u001b[0m\u001b[0m\u001b[1m\u001b[38;5;12m|\u001b[0m\u001b[0m         \u001b[0m\u001b[0m\u001b[1m\u001b[38;5;12m|\u001b[0m\u001b[0m                    \u001b[0m\u001b[0m\u001b[1m\u001b[38;5;9mthis is an associated function, not a method\u001b[0m\n\u001b[0m   \u001b[0m\u001b[0m\u001b[1m\u001b[38;5;12m|\u001b[0m\u001b[0m         \u001b[0m\u001b[0m\u001b[1m\u001b[38;5;12mhelp: use associated function syntax instead: `Arc::<parking_lot::lock_api::RwLock<parking_lot::RawRwLock, Box<(dyn Node + 'static)>>>::ptr_eq(&self.start_container, &self.end_container)`\u001b[0m\n\u001b[0m   \u001b[0m\u001b[0m\u001b[1m\u001b[38;5;12m|\u001b[0m\n\u001b[0m   \u001b[0m\u001b[0m\u001b[1m\u001b[38;5;12m= \u001b[0m\u001b[0m\u001b[1mnote\u001b[0m\u001b[0m: found the following associated functions; to be used as methods, functions must have a `self` parameter\u001b[0m\n\u001b[0m   \u001b[0m\u001b[0m\u001b[1m\u001b[38;5;12m= \u001b[0m\u001b[0m\u001b[1mnote\u001b[0m\u001b[0m: the candidate is defined in an impl for the type `Arc<T, A>`\u001b[0m\n\n"}
{"$message_type":"diagnostic","message":"no method named `ptr_eq` found for struct `Arc<parking_lot::lock_api::RwLock<parking_lot::RawRwLock, Box<(dyn Node + 'static)>>>` in the current scope","code":{"code":"E0599","explanation":"This error occurs when a method is used on a type which doesn't implement it:\n\nErroneous code example:\n\n```compile_fail,E0599\nstruct Mouth;\n\nlet x = Mouth;\nx.chocolate(); // error: no method named `chocolate` found for type `Mouth`\n               //        in the current scope\n```\n\nIn this case, you need to implement the `chocolate` method to fix the error:\n\n```\nstruct Mouth;\n\nimpl Mouth {\n    fn chocolate(&self) { // We implement the `chocolate` method here.\n        println!(\"Hmmm! I love chocolate!\");\n    }\n}\n\nlet x = Mouth;\nx.chocolate(); // ok!\n```\n"},"level":"error","spans":[{"file_name":"src/range.rs","byte_start":1975,"byte_end":1981,"line_start":66,"line_end":66,"column_start":33,"column_end":39,"is_primary":true,"text":[{"text":"        if self.start_container.ptr_eq(&self.end_container) {","highlight_start":33,"highlight_end":39}],"label":"this is an associated function, not a method","suggested_replacement":null,"suggestion_applicability":null,"expansion":null}],"children":[{"message":"found the following associated functions; to be used as methods, functions must have a `self` parameter","code":null,"level":"note","spans":[],"children":[],"rendered":null},{"message":"the candidate is defined in an impl for the type `Arc<T, A>`","code":null,"level":"note","spans":[],"children":[],"rendered":null},{"message":"use associated function syntax instead","code":null,"level":"help","spans":[{"file_name":"src/range.rs","byte_start":1954,"byte_end":2002,"line_start":66,"line_end":66,"column_start":12,"column_end":60,"is_primary":true,"text":[{"text":"        if self.start_container.ptr_eq(&self.end_container) {","highlight_start":12,"highlight_end":60}],"label":null,"suggested_replacement":"Arc::<parking_lot::lock_api::RwLock<parking_lot::RawRwLock, Box<(dyn Node + 'static)>>>::ptr_eq(&self.start_container, &self.end_container)","suggestion_applicability":"MachineApplicable","expansion":null}],"children":[],"rendered":null}],"rendered":"\u001b[0m\u001b[1m\u001b[38;5;9merror[E0599]\u001b[0m\u001b[0m\u001b[1m: no method named `ptr_eq` found for struct `Arc<parking_lot::lock_api::RwLock<parking_lot::RawRwLock, Box<(dyn Node + 'static)>>>` in the current scope\u001b[0m\n\u001b[0m  \u001b[0m\u001b[0m\u001b[1m\u001b[38;5;12m--> \u001b[0m\u001b[0msrc/range.rs:66:33\u001b[0m\n\u001b[0m   \u001b[0m\u001b[0m\u001b[1m\u001b[38;5;12m|\u001b[0m\n\u001b[0m\u001b[1m\u001b[38;5;12m66\u001b[0m\u001b[0m \u001b[0m\u001b[0m\u001b[1m\u001b[38;5;12m|\u001b[0m\u001b[0m \u001b[0m\u001b[0m        if self.start_container.ptr_eq(&self.end_container) {\u001b[0m\n\u001b[0m   \u001b[0m\u001b[0m\u001b[1m\u001b[38;5;12m|\u001b[0m\u001b[0m            \u001b[0m\u001b[0m\u001b[1m\u001b[38;5;12m---------------------\u001b[0m\u001b[0m\u001b[1m\u001b[38;5;9m^^^^^^\u001b[0m\u001b[0m\u001b[1m\u001b[38;5;12m---------------------\u001b[0m\n\u001b[0m   \u001b[0m\u001b[0m\u001b[1m\u001b[38;5;12m|\u001b[0m\u001b[0m            \u001b[0m\u001b[0m\u001b[1m\u001b[38;5;12m|\u001b[0m\u001b[0m                    \u001b[0m\u001b[0m\u001b[1m\u001b[38;5;9m|\u001b[0m\n\u001b[0m   \u001b[0m\u001b[0m\u001b[1m\u001b[38;5;12m|\u001b[0m\u001b[0m            \u001b[0m\u001b[0m\u001b[1m\u001b[38;5;12m|\u001b[0m\u001b[0m                    \u001b[0m\u001b[0m\u001b[1m\u001b[38;5;9mthis is an associated function, not a method\u001b[0m\n\u001b[0m   \u001b[0m\u001b[0m\u001b[1m\u001b[38;5;12m|\u001b[0m\u001b[0m            \u001b[0m\u001b[0m\u001b[1m\u001b[38;5;12mhelp: use associated function syntax instead: `Arc::<parking_lot::lock_api::RwLock<parking_lot::RawRwLock, Box<(dyn Node + 'static)>>>::ptr_eq(&self.start_container, &self.end_container)`\u001b[0m\n\u001b[0m   \u001b[0m\u001b[0m\u001b[1m\u001b[38;5;12m|\u001b[0m\n\u001b[0m   \u001b[0m\u001b[0m\u001b[1m\u001b[38;5;12m= \u001b[0m\u001b[0m\u001b[1mnote\u001b[0m\u001b[0m: found the following associated functions; to be used as methods, functions must have a `self` parameter\u001b[0m\n\u001b[0m   \u001b[0m\u001b[0m\u001b[1m\u001b[38;5;12m= \u001b[0m\u001b[0m\u001b[1mnote\u001b[0m\u001b[0m: the candidate is defined in an impl for the type `Arc<T, A>`\u001b[0m\n\n"}
{"$message_type":"diagnostic","message":"no method named `parent_node` found for struct `Arc<parking_lot::lock_api::RwLock<parking_lot::RawRwLock, Box<(dyn Node + 'static)>>>` in the current scope","code":{"code":"E0599","explanation":"This error occurs when a method is used on a type which doesn't implement it:\n\nErroneous code example:\n\n```compile_fail,E0599\nstruct Mouth;\n\nlet x = Mouth;\nx.chocolate(); // error: no method named `chocolate` found for type `Mouth`\n               //        in the current scope\n```\n\nIn this case, you need to implement the `chocolate` method to fix the error:\n\n```\nstruct Mouth;\n\nimpl Mouth {\n    fn chocolate(&self) { // We implement the `chocolate` method here.\n        println!(\"Hmmm! I love chocolate!\");\n    }\n}\n\nlet x = Mouth;\nx.chocolate(); // ok!\n```\n"},"level":"error","spans":[{"file_name":"src/range.rs","byte_start":2262,"byte_end":2273,"line_start":73,"line_end":73,"column_start":42,"column_end":53,"is_primary":true,"text":[{"text":"        while let Some(parent) = current.parent_node() {","highlight_start":42,"highlight_end":53}],"label":"method not found in `Arc<parking_lot::lock_api::RwLock<parking_lot::RawRwLock, Box<(dyn Node + 'static)>>>`","suggested_replacement":null,"suggestion_applicability":null,"expansion":null}],"children":[],"rendered":"\u001b[0m\u001b[1m\u001b[38;5;9merror[E0599]\u001b[0m\u001b[0m\u001b[1m: no method named `parent_node` found for struct `Arc<parking_lot::lock_api::RwLock<parking_lot::RawRwLock, Box<(dyn Node + 'static)>>>` in the current scope\u001b[0m\n\u001b[0m  \u001b[0m\u001b[0m\u001b[1m\u001b[38;5;12m--> \u001b[0m\u001b[0msrc/range.rs:73:42\u001b[0m\n\u001b[0m   \u001b[0m\u001b[0m\u001b[1m\u001b[38;5;12m|\u001b[0m\n\u001b[0m\u001b[1m\u001b[38;5;12m73\u001b[0m\u001b[0m \u001b[0m\u001b[0m\u001b[1m\u001b[38;5;12m|\u001b[0m\u001b[0m \u001b[0m\u001b[0m        while let Some(parent) = current.parent_node() {\u001b[0m\n\u001b[0m   \u001b[0m\u001b[0m\u001b[1m\u001b[38;5;12m|\u001b[0m\u001b[0m                                          \u001b[0m\u001b[0m\u001b[1m\u001b[38;5;9m^^^^^^^^^^^\u001b[0m\u001b[0m \u001b[0m\u001b[0m\u001b[1m\u001b[38;5;9mmethod not found in `Arc<parking_lot::lock_api::RwLock<parking_lot::RawRwLock, Box<(dyn Node + 'static)>>>`\u001b[0m\n\n"}
{"$message_type":"diagnostic","message":"no method named `parent_node` found for struct `Arc<parking_lot::lock_api::RwLock<parking_lot::RawRwLock, Box<(dyn Node + 'static)>>>` in the current scope","code":{"code":"E0599","explanation":"This error occurs when a method is used on a type which doesn't implement it:\n\nErroneous code example:\n\n```compile_fail,E0599\nstruct Mouth;\n\nlet x = Mouth;\nx.chocolate(); // error: no method named `chocolate` found for type `Mouth`\n               //        in the current scope\n```\n\nIn this case, you need to implement the `chocolate` method to fix the error:\n\n```\nstruct Mouth;\n\nimpl Mouth {\n    fn chocolate(&self) { // We implement the `chocolate` method here.\n        println!(\"Hmmm! I love chocolate!\");\n    }\n}\n\nlet x = Mouth;\nx.chocolate(); // ok!\n```\n"},"level":"error","spans":[{"file_name":"src/range.rs","byte_start":2522,"byte_end":2533,"line_start":80,"line_end":80,"column_start":42,"column_end":53,"is_primary":true,"text":[{"text":"        while let Some(parent) = current.parent_node() {","highlight_start":42,"highlight_end":53}],"label":"method not found in `Arc<parking_lot::lock_api::RwLock<parking_lot::RawRwLock, Box<(dyn Node + 'static)>>>`","suggested_replacement":null,"suggestion_applicability":null,"expansion":null}],"children":[],"rendered":"\u001b[0m\u001b[1m\u001b[38;5;9merror[E0599]\u001b[0m\u001b[0m\u001b[1m: no method named `parent_node` found for struct `Arc<parking_lot::lock_api::RwLock<parking_lot::RawRwLock, Box<(dyn Node + 'static)>>>` in the current scope\u001b[0m\n\u001b[0m  \u001b[0m\u001b[0m\u001b[1m\u001b[38;5;12m--> \u001b[0m\u001b[0msrc/range.rs:80:42\u001b[0m\n\u001b[0m   \u001b[0m\u001b[0m\u001b[1m\u001b[38;5;12m|\u001b[0m\n\u001b[0m\u001b[1m\u001b[38;5;12m80\u001b[0m\u001b[0m \u001b[0m\u001b[0m\u001b[1m\u001b[38;5;12m|\u001b[0m\u001b[0m \u001b[0m\u001b[0m        while let Some(parent) = current.parent_node() {\u001b[0m\n\u001b[0m   \u001b[0m\u001b[0m\u001b[1m\u001b[38;5;12m|\u001b[0m\u001b[0m                                          \u001b[0m\u001b[0m\u001b[1m\u001b[38;5;9m^^^^^^^^^^^\u001b[0m\u001b[0m \u001b[0m\u001b[0m\u001b[1m\u001b[38;5;9mmethod not found in `Arc<parking_lot::lock_api::RwLock<parking_lot::RawRwLock, Box<(dyn Node + 'static)>>>`\u001b[0m\n\n"}
{"$message_type":"diagnostic","message":"no method named `ptr_eq` found for reference `&Arc<parking_lot::lock_api::RwLock<parking_lot::RawRwLock, Box<(dyn Node + 'static)>>>` in the current scope","code":{"code":"E0599","explanation":"This error occurs when a method is used on a type which doesn't implement it:\n\nErroneous code example:\n\n```compile_fail,E0599\nstruct Mouth;\n\nlet x = Mouth;\nx.chocolate(); // error: no method named `chocolate` found for type `Mouth`\n               //        in the current scope\n```\n\nIn this case, you need to implement the `chocolate` method to fix the error:\n\n```\nstruct Mouth;\n\nimpl Mouth {\n    fn chocolate(&self) { // We implement the `chocolate` method here.\n        println!(\"Hmmm! I love chocolate!\");\n    }\n}\n\nlet x = Mouth;\nx.chocolate(); // ok!\n```\n"},"level":"error","spans":[{"file_name":"src/range.rs","byte_start":10617,"byte_end":10623,"line_start":306,"line_end":306,"column_start":19,"column_end":25,"is_primary":true,"text":[{"text":"        if a_node.ptr_eq(b_node) {","highlight_start":19,"highlight_end":25}],"label":"this is an associated function, not a method","suggested_replacement":null,"suggestion_applicability":null,"expansion":null}],"children":[{"message":"found the following associated functions; to be used as methods, functions must have a `self` parameter","code":null,"level":"note","spans":[],"children":[],"rendered":null},{"message":"the candidate is defined in an impl for the type `Arc<T, A>`","code":null,"level":"note","spans":[],"children":[],"rendered":null},{"message":"use associated function syntax instead","code":null,"level":"help","spans":[{"file_name":"src/range.rs","byte_start":10610,"byte_end":10631,"line_start":306,"line_end":306,"column_start":12,"column_end":33,"is_primary":true,"text":[{"text":"        if a_node.ptr_eq(b_node) {","highlight_start":12,"highlight_end":33}],"label":null,"suggested_replacement":"Arc::<parking_lot::lock_api::RwLock<parking_lot::RawRwLock, Box<(dyn Node + 'static)>>>::ptr_eq(&a_node, b_node)","suggestion_applicability":"MachineApplicable","expansion":null}],"children":[],"rendered":null}],"rendered":"\u001b[0m\u001b[1m\u001b[38;5;9merror[E0599]\u001b[0m\u001b[0m\u001b[1m: no method named `ptr_eq` found for reference `&Arc<parking_lot::lock_api::RwLock<parking_lot::RawRwLock, Box<(dyn Node + 'static)>>>` in the current scope\u001b[0m\n\u001b[0m   \u001b[0m\u001b[0m\u001b[1m\u001b[38;5;12m--> \u001b[0m\u001b[0msrc/range.rs:306:19\u001b[0m\n\u001b[0m    \u001b[0m\u001b[0m\u001b[1m\u001b[38;5;12m|\u001b[0m\n\u001b[0m\u001b[1m\u001b[38;5;12m306\u001b[0m\u001b[0m \u001b[0m\u001b[0m\u001b[1m\u001b[38;5;12m|\u001b[0m\u001b[0m \u001b[0m\u001b[0m        if a_node.ptr_eq(b_node) {\u001b[0m\n\u001b[0m    \u001b[0m\u001b[0m\u001b[1m\u001b[38;5;12m|\u001b[0m\u001b[0m            \u001b[0m\u001b[0m\u001b[1m\u001b[38;5;12m-------\u001b[0m\u001b[0m\u001b[1m\u001b[38;5;9m^^^^^^\u001b[0m\u001b[0m\u001b[1m\u001b[38;5;12m--------\u001b[0m\n\u001b[0m    \u001b[0m\u001b[0m\u001b[1m\u001b[38;5;12m|\u001b[0m\u001b[0m            \u001b[0m\u001b[0m\u001b[1m\u001b[38;5;12m|\u001b[0m\u001b[0m      \u001b[0m\u001b[0m\u001b[1m\u001b[38;5;9m|\u001b[0m\n\u001b[0m    \u001b[0m\u001b[0m\u001b[1m\u001b[38;5;12m|\u001b[0m\u001b[0m            \u001b[0m\u001b[0m\u001b[1m\u001b[38;5;12m|\u001b[0m\u001b[0m      \u001b[0m\u001b[0m\u001b[1m\u001b[38;5;9mthis is an associated function, not a method\u001b[0m\n\u001b[0m    \u001b[0m\u001b[0m\u001b[1m\u001b[38;5;12m|\u001b[0m\u001b[0m            \u001b[0m\u001b[0m\u001b[1m\u001b[38;5;12mhelp: use associated function syntax instead: `Arc::<parking_lot::lock_api::RwLock<parking_lot::RawRwLock, Box<(dyn Node + 'static)>>>::ptr_eq(&a_node, b_node)`\u001b[0m\n\u001b[0m    \u001b[0m\u001b[0m\u001b[1m\u001b[38;5;12m|\u001b[0m\n\u001b[0m    \u001b[0m\u001b[0m\u001b[1m\u001b[38;5;12m= \u001b[0m\u001b[0m\u001b[1mnote\u001b[0m\u001b[0m: found the following associated functions; to be used as methods, functions must have a `self` parameter\u001b[0m\n\u001b[0m    \u001b[0m\u001b[0m\u001b[1m\u001b[38;5;12m= \u001b[0m\u001b[0m\u001b[1mnote\u001b[0m\u001b[0m: the candidate is defined in an impl for the type `Arc<T, A>`\u001b[0m\n\n"}
{"$message_type":"diagnostic","message":"no method named `ptr_eq` found for reference `&Arc<parking_lot::lock_api::RwLock<parking_lot::RawRwLock, Box<(dyn Node + 'static)>>>` in the current scope","code":{"code":"E0599","explanation":"This error occurs when a method is used on a type which doesn't implement it:\n\nErroneous code example:\n\n```compile_fail,E0599\nstruct Mouth;\n\nlet x = Mouth;\nx.chocolate(); // error: no method named `chocolate` found for type `Mouth`\n               //        in the current scope\n```\n\nIn this case, you need to implement the `chocolate` method to fix the error:\n\n```\nstruct Mouth;\n\nimpl Mouth {\n    fn chocolate(&self) { // We implement the `chocolate` method here.\n        println!(\"Hmmm! I love chocolate!\");\n    }\n}\n\nlet x = Mouth;\nx.chocolate(); // ok!\n```\n"},"level":"error","spans":[{"file_name":"src/selection.rs","byte_start":3590,"byte_end":3596,"line_start":115,"line_end":115,"column_start":35,"column_end":41,"is_primary":true,"text":[{"text":"            !(r.start_container().ptr_eq(range.start_container())","highlight_start":35,"highlight_end":41}],"label":"this is an associated function, not a method","suggested_replacement":null,"suggestion_applicability":null,"expansion":null}],"children":[{"message":"found the following associated functions; to be used as methods, functions must have a `self` parameter","code":null,"level":"note","spans":[],"children":[],"rendered":null},{"message":"the candidate is defined in an impl for the type `Arc<T, A>`","code":null,"level":"note","spans":[],"children":[],"rendered":null},{"message":"use associated function syntax instead","code":null,"level":"help","spans":[{"file_name":"src/selection.rs","byte_start":3570,"byte_end":3621,"line_start":115,"line_end":115,"column_start":15,"column_end":66,"is_primary":true,"text":[{"text":"            !(r.start_container().ptr_eq(range.start_container())","highlight_start":15,"highlight_end":66}],"label":null,"suggested_replacement":"Arc::<parking_lot::lock_api::RwLock<parking_lot::RawRwLock, Box<(dyn Node + 'static)>>>::ptr_eq(&r.start_container(), range.start_container())","suggestion_applicability":"MachineApplicable","expansion":null}],"children":[],"rendered":null}],"rendered":"\u001b[0m\u001b[1m\u001b[38;5;9merror[E0599]\u001b[0m\u001b[0m\u001b[1m: no method named `ptr_eq` found for reference `&Arc<parking_lot::lock_api::RwLock<parking_lot::RawRwLock, Box<(dyn Node + 'static)>>>` in the current scope\u001b[0m\n\u001b[0m   \u001b[0m\u001b[0m\u001b[1m\u001b[38;5;12m--> \u001b[0m\u001b[0msrc/selection.rs:115:35\u001b[0m\n\u001b[0m    \u001b[0m\u001b[0m\u001b[1m\u001b[38;5;12m|\u001b[0m\n\u001b[0m\u001b[1m\u001b[38;5;12m115\u001b[0m\u001b[0m \u001b[0m\u001b[0m\u001b[1m\u001b[38;5;12m|\u001b[0m\u001b[0m \u001b[0m\u001b[0m            !(r.start_container().ptr_eq(range.start_container())\u001b[0m\n\u001b[0m    \u001b[0m\u001b[0m\u001b[1m\u001b[38;5;12m|\u001b[0m\u001b[0m               \u001b[0m\u001b[0m\u001b[1m\u001b[38;5;12m--------------------\u001b[0m\u001b[0m\u001b[1m\u001b[38;5;9m^^^^^^\u001b[0m\u001b[0m\u001b[1m\u001b[38;5;12m-------------------------\u001b[0m\n\u001b[0m    \u001b[0m\u001b[0m\u001b[1m\u001b[38;5;12m|\u001b[0m\u001b[0m               \u001b[0m\u001b[0m\u001b[1m\u001b[38;5;12m|\u001b[0m\u001b[0m                   \u001b[0m\u001b[0m\u001b[1m\u001b[38;5;9m|\u001b[0m\n\u001b[0m    \u001b[0m\u001b[0m\u001b[1m\u001b[38;5;12m|\u001b[0m\u001b[0m               \u001b[0m\u001b[0m\u001b[1m\u001b[38;5;12m|\u001b[0m\u001b[0m                   \u001b[0m\u001b[0m\u001b[1m\u001b[38;5;9mthis is an associated function, not a method\u001b[0m\n\u001b[0m    \u001b[0m\u001b[0m\u001b[1m\u001b[38;5;12m|\u001b[0m\u001b[0m               \u001b[0m\u001b[0m\u001b[1m\u001b[38;5;12mhelp: use associated function syntax instead: `Arc::<parking_lot::lock_api::RwLock<parking_lot::RawRwLock, Box<(dyn Node + 'static)>>>::ptr_eq(&r.start_container(), range.start_container())`\u001b[0m\n\u001b[0m    \u001b[0m\u001b[0m\u001b[1m\u001b[38;5;12m|\u001b[0m\n\u001b[0m    \u001b[0m\u001b[0m\u001b[1m\u001b[38;5;12m= \u001b[0m\u001b[0m\u001b[1mnote\u001b[0m\u001b[0m: found the following associated functions; to be used as methods, functions must have a `self` parameter\u001b[0m\n\u001b[0m    \u001b[0m\u001b[0m\u001b[1m\u001b[38;5;12m= \u001b[0m\u001b[0m\u001b[1mnote\u001b[0m\u001b[0m: the candidate is defined in an impl for the type `Arc<T, A>`\u001b[0m\n\n"}
{"$message_type":"diagnostic","message":"no method named `ptr_eq` found for reference `&Arc<parking_lot::lock_api::RwLock<parking_lot::RawRwLock, Box<(dyn Node + 'static)>>>` in the current scope","code":{"code":"E0599","explanation":"This error occurs when a method is used on a type which doesn't implement it:\n\nErroneous code example:\n\n```compile_fail,E0599\nstruct Mouth;\n\nlet x = Mouth;\nx.chocolate(); // error: no method named `chocolate` found for type `Mouth`\n               //        in the current scope\n```\n\nIn this case, you need to implement the `chocolate` method to fix the error:\n\n```\nstruct Mouth;\n\nimpl Mouth {\n    fn chocolate(&self) { // We implement the `chocolate` method here.\n        println!(\"Hmmm! I love chocolate!\");\n    }\n}\n\nlet x = Mouth;\nx.chocolate(); // ok!\n```\n"},"level":"error","spans":[{"file_name":"src/selection.rs","byte_start":3719,"byte_end":3725,"line_start":117,"line_end":117,"column_start":38,"column_end":44,"is_primary":true,"text":[{"text":"                && r.end_container().ptr_eq(range.end_container())","highlight_start":38,"highlight_end":44}],"label":"this is an associated function, not a method","suggested_replacement":null,"suggestion_applicability":null,"expansion":null}],"children":[{"message":"found the following associated functions; to be used as methods, functions must have a `self` parameter","code":null,"level":"note","spans":[],"children":[],"rendered":null},{"message":"the candidate is defined in an impl for the type `Arc<T, A>`","code":null,"level":"note","spans":[],"children":[],"rendered":null},{"message":"use associated function syntax instead","code":null,"level":"help","spans":[{"file_name":"src/selection.rs","byte_start":3701,"byte_end":3748,"line_start":117,"line_end":117,"column_start":20,"column_end":67,"is_primary":true,"text":[{"text":"                && r.end_container().ptr_eq(range.end_container())","highlight_start":20,"highlight_end":67}],"label":null,"suggested_replacement":"Arc::<parking_lot::lock_api::RwLock<parking_lot::RawRwLock, Box<(dyn Node + 'static)>>>::ptr_eq(&r.end_container(), range.end_container())","suggestion_applicability":"MachineApplicable","expansion":null}],"children":[],"rendered":null}],"rendered":"\u001b[0m\u001b[1m\u001b[38;5;9merror[E0599]\u001b[0m\u001b[0m\u001b[1m: no method named `ptr_eq` found for reference `&Arc<parking_lot::lock_api::RwLock<parking_lot::RawRwLock, Box<(dyn Node + 'static)>>>` in the current scope\u001b[0m\n\u001b[0m   \u001b[0m\u001b[0m\u001b[1m\u001b[38;5;12m--> \u001b[0m\u001b[0msrc/selection.rs:117:38\u001b[0m\n\u001b[0m    \u001b[0m\u001b[0m\u001b[1m\u001b[38;5;12m|\u001b[0m\n\u001b[0m\u001b[1m\u001b[38;5;12m117\u001b[0m\u001b[0m \u001b[0m\u001b[0m\u001b[1m\u001b[38;5;12m|\u001b[0m\u001b[0m \u001b[0m\u001b[0m                && r.end_container().ptr_eq(range.end_container())\u001b[0m\n\u001b[0m    \u001b[0m\u001b[0m\u001b[1m\u001b[38;5;12m|\u001b[0m\u001b[0m                    \u001b[0m\u001b[0m\u001b[1m\u001b[38;5;12m------------------\u001b[0m\u001b[0m\u001b[1m\u001b[38;5;9m^^^^^^\u001b[0m\u001b[0m\u001b[1m\u001b[38;5;12m-----------------------\u001b[0m\n\u001b[0m    \u001b[0m\u001b[0m\u001b[1m\u001b[38;5;12m|\u001b[0m\u001b[0m                    \u001b[0m\u001b[0m\u001b[1m\u001b[38;5;12m|\u001b[0m\u001b[0m                 \u001b[0m\u001b[0m\u001b[1m\u001b[38;5;9m|\u001b[0m\n\u001b[0m    \u001b[0m\u001b[0m\u001b[1m\u001b[38;5;12m|\u001b[0m\u001b[0m                    \u001b[0m\u001b[0m\u001b[1m\u001b[38;5;12m|\u001b[0m\u001b[0m                 \u001b[0m\u001b[0m\u001b[1m\u001b[38;5;9mthis is an associated function, not a method\u001b[0m\n\u001b[0m    \u001b[0m\u001b[0m\u001b[1m\u001b[38;5;12m|\u001b[0m\u001b[0m                    \u001b[0m\u001b[0m\u001b[1m\u001b[38;5;12mhelp: use associated function syntax instead: `Arc::<parking_lot::lock_api::RwLock<parking_lot::RawRwLock, Box<(dyn Node + 'static)>>>::ptr_eq(&r.end_container(), range.end_container())`\u001b[0m\n\u001b[0m    \u001b[0m\u001b[0m\u001b[1m\u001b[38;5;12m|\u001b[0m\n\u001b[0m    \u001b[0m\u001b[0m\u001b[1m\u001b[38;5;12m= \u001b[0m\u001b[0m\u001b[1mnote\u001b[0m\u001b[0m: found the following associated functions; to be used as methods, functions must have a `self` parameter\u001b[0m\n\u001b[0m    \u001b[0m\u001b[0m\u001b[1m\u001b[38;5;12m= \u001b[0m\u001b[0m\u001b[1mnote\u001b[0m\u001b[0m: the candidate is defined in an impl for the type `Arc<T, A>`\u001b[0m\n\n"}
{"$message_type":"diagnostic","message":"no method named `as_node` found for struct `Arc<parking_lot::lock_api::RwLock<parking_lot::RawRwLock, dom_core::Element>>` in the current scope","code":{"code":"E0599","explanation":"This error occurs when a method is used on a type which doesn't implement it:\n\nErroneous code example:\n\n```compile_fail,E0599\nstruct Mouth;\n\nlet x = Mouth;\nx.chocolate(); // error: no method named `chocolate` found for type `Mouth`\n               //        in the current scope\n```\n\nIn this case, you need to implement the `chocolate` method to fix the error:\n\n```\nstruct Mouth;\n\nimpl Mouth {\n    fn chocolate(&self) { // We implement the `chocolate` method here.\n        println!(\"Hmmm! I love chocolate!\");\n    }\n}\n\nlet x = Mouth;\nx.chocolate(); // ok!\n```\n"},"level":"error","spans":[{"file_name":"src/shadow/shadow_root.rs","byte_start":2361,"byte_end":2368,"line_start":84,"line_end":84,"column_start":14,"column_end":21,"is_primary":true,"text":[{"text":"        host.as_node().clone()","highlight_start":14,"highlight_end":21}],"label":"method not found in `Arc<parking_lot::lock_api::RwLock<parking_lot::RawRwLock, dom_core::Element>>`","suggested_replacement":null,"suggestion_applicability":null,"expansion":null}],"children":[],"rendered":"\u001b[0m\u001b[1m\u001b[38;5;9merror[E0599]\u001b[0m\u001b[0m\u001b[1m: no method named `as_node` found for struct `Arc<parking_lot::lock_api::RwLock<parking_lot::RawRwLock, dom_core::Element>>` in the current scope\u001b[0m\n\u001b[0m  \u001b[0m\u001b[0m\u001b[1m\u001b[38;5;12m--> \u001b[0m\u001b[0msrc/shadow/shadow_root.rs:84:14\u001b[0m\n\u001b[0m   \u001b[0m\u001b[0m\u001b[1m\u001b[38;5;12m|\u001b[0m\n\u001b[0m\u001b[1m\u001b[38;5;12m84\u001b[0m\u001b[0m \u001b[0m\u001b[0m\u001b[1m\u001b[38;5;12m|\u001b[0m\u001b[0m \u001b[0m\u001b[0m        host.as_node().clone()\u001b[0m\n\u001b[0m   \u001b[0m\u001b[0m\u001b[1m\u001b[38;5;12m|\u001b[0m\u001b[0m              \u001b[0m\u001b[0m\u001b[1m\u001b[38;5;9m^^^^^^^\u001b[0m\u001b[0m \u001b[0m\u001b[0m\u001b[1m\u001b[38;5;9mmethod not found in `Arc<parking_lot::lock_api::RwLock<parking_lot::RawRwLock, dom_core::Element>>`\u001b[0m\n\n"}
{"$message_type":"diagnostic","message":"no method named `ptr_eq` found for reference `&Arc<parking_lot::lock_api::RwLock<parking_lot::RawRwLock, Box<(dyn Node + 'static)>>>` in the current scope","code":{"code":"E0599","explanation":"This error occurs when a method is used on a type which doesn't implement it:\n\nErroneous code example:\n\n```compile_fail,E0599\nstruct Mouth;\n\nlet x = Mouth;\nx.chocolate(); // error: no method named `chocolate` found for type `Mouth`\n               //        in the current scope\n```\n\nIn this case, you need to implement the `chocolate` method to fix the error:\n\n```\nstruct Mouth;\n\nimpl Mouth {\n    fn chocolate(&self) { // We implement the `chocolate` method here.\n        println!(\"Hmmm! I love chocolate!\");\n    }\n}\n\nlet x = Mouth;\nx.chocolate(); // ok!\n```\n"},"level":"error","spans":[{"file_name":"src/shadow/shadow_root.rs","byte_start":2651,"byte_end":2657,"line_start":92,"line_end":92,"column_start":44,"column_end":50,"is_primary":true,"text":[{"text":"        if inner.children.iter().any(|c| c.ptr_eq(&child)) {","highlight_start":44,"highlight_end":50}],"label":"this is an associated function, not a method","suggested_replacement":null,"suggestion_applicability":null,"expansion":null}],"children":[{"message":"found the following associated functions; to be used as methods, functions must have a `self` parameter","code":null,"level":"note","spans":[],"children":[],"rendered":null},{"message":"the candidate is defined in an impl for the type `Arc<T, A>`","code":null,"level":"note","spans":[],"children":[],"rendered":null},{"message":"use associated function syntax instead","code":null,"level":"help","spans":[{"file_name":"src/shadow/shadow_root.rs","byte_start":2649,"byte_end":2665,"line_start":92,"line_end":92,"column_start":42,"column_end":58,"is_primary":true,"text":[{"text":"        if inner.children.iter().any(|c| c.ptr_eq(&child)) {","highlight_start":42,"highlight_end":58}],"label":null,"suggested_replacement":"Arc::<parking_lot::lock_api::RwLock<parking_lot::RawRwLock, Box<(dyn Node + 'static)>>>::ptr_eq(&c, &child)","suggestion_applicability":"MachineApplicable","expansion":null}],"children":[],"rendered":null}],"rendered":"\u001b[0m\u001b[1m\u001b[38;5;9merror[E0599]\u001b[0m\u001b[0m\u001b[1m: no method named `ptr_eq` found for reference `&Arc<parking_lot::lock_api::RwLock<parking_lot::RawRwLock, Box<(dyn Node + 'static)>>>` in the current scope\u001b[0m\n\u001b[0m  \u001b[0m\u001b[0m\u001b[1m\u001b[38;5;12m--> \u001b[0m\u001b[0msrc/shadow/shadow_root.rs:92:44\u001b[0m\n\u001b[0m   \u001b[0m\u001b[0m\u001b[1m\u001b[38;5;12m|\u001b[0m\n\u001b[0m\u001b[1m\u001b[38;5;12m92\u001b[0m\u001b[0m \u001b[0m\u001b[0m\u001b[1m\u001b[38;5;12m|\u001b[0m\u001b[0m \u001b[0m\u001b[0m        if inner.children.iter().any(|c| c.ptr_eq(&child)) {\u001b[0m\n\u001b[0m   \u001b[0m\u001b[0m\u001b[1m\u001b[38;5;12m|\u001b[0m\u001b[0m                                          \u001b[0m\u001b[0m\u001b[1m\u001b[38;5;12m--\u001b[0m\u001b[0m\u001b[1m\u001b[38;5;9m^^^^^^\u001b[0m\u001b[0m\u001b[1m\u001b[38;5;12m--------\u001b[0m\n\u001b[0m   \u001b[0m\u001b[0m\u001b[1m\u001b[38;5;12m|\u001b[0m\u001b[0m                                          \u001b[0m\u001b[0m\u001b[1m\u001b[38;5;12m|\u001b[0m\u001b[0m \u001b[0m\u001b[0m\u001b[1m\u001b[38;5;9m|\u001b[0m\n\u001b[0m   \u001b[0m\u001b[0m\u001b[1m\u001b[38;5;12m|\u001b[0m\u001b[0m                                          \u001b[0m\u001b[0m\u001b[1m\u001b[38;5;12m|\u001b[0m\u001b[0m \u001b[0m\u001b[0m\u001b[1m\u001b[38;5;9mthis is an associated function, not a method\u001b[0m\n\u001b[0m   \u001b[0m\u001b[0m\u001b[1m\u001b[38;5;12m|\u001b[0m\u001b[0m                                          \u001b[0m\u001b[0m\u001b[1m\u001b[38;5;12mhelp: use associated function syntax instead: `Arc::<parking_lot::lock_api::RwLock<parking_lot::RawRwLock, Box<(dyn Node + 'static)>>>::ptr_eq(&c, &child)`\u001b[0m\n\u001b[0m   \u001b[0m\u001b[0m\u001b[1m\u001b[38;5;12m|\u001b[0m\n\u001b[0m   \u001b[0m\u001b[0m\u001b[1m\u001b[38;5;12m= \u001b[0m\u001b[0m\u001b[1mnote\u001b[0m\u001b[0m: found the following associated functions; to be used as methods, functions must have a `self` parameter\u001b[0m\n\u001b[0m   \u001b[0m\u001b[0m\u001b[1m\u001b[38;5;12m= \u001b[0m\u001b[0m\u001b[1mnote\u001b[0m\u001b[0m: the candidate is defined in an impl for the type `Arc<T, A>`\u001b[0m\n\n"}
{"$message_type":"diagnostic","message":"the trait bound `Arc<RwLock<RawRwLock, Element>>: TryFrom<Arc<RwLock<RawRwLock, ...>>>` is not satisfied","code":{"code":"E0277","explanation":"You tried to use a type which doesn't implement some trait in a place which\nexpected that trait.\n\nErroneous code example:\n\n```compile_fail,E0277\n// here we declare the Foo trait with a bar method\ntrait Foo {\n    fn bar(&self);\n}\n\n// we now declare a function which takes an object implementing the Foo trait\nfn some_func<T: Foo>(foo: T) {\n    foo.bar();\n}\n\nfn main() {\n    // we now call the method with the i32 type, which doesn't implement\n    // the Foo trait\n    some_func(5i32); // error: the trait bound `i32 : Foo` is not satisfied\n}\n```\n\nIn order to fix this error, verify that the type you're using does implement\nthe trait. Example:\n\n```\ntrait Foo {\n    fn bar(&self);\n}\n\n// we implement the trait on the i32 type\nimpl Foo for i32 {\n    fn bar(&self) {}\n}\n\nfn some_func<T: Foo>(foo: T) {\n    foo.bar(); // we can now use this method since i32 implements the\n               // Foo trait\n}\n\nfn main() {\n    some_func(5i32); // ok!\n}\n```\n\nOr in a generic context, an erroneous code example would look like:\n\n```compile_fail,E0277\nfn some_func<T>(foo: T) {\n    println!(\"{:?}\", foo); // error: the trait `core::fmt::Debug` is not\n                           //        implemented for the type `T`\n}\n\nfn main() {\n    // We now call the method with the i32 type,\n    // which *does* implement the Debug trait.\n    some_func(5i32);\n}\n```\n\nNote that the error here is in the definition of the generic function. Although\nwe only call it with a parameter that does implement `Debug`, the compiler\nstill rejects the function. It must work with all possible input types. In\norder to make this example compile, we need to restrict the generic type we're\naccepting:\n\n```\nuse std::fmt;\n\n// Restrict the input type to types that implement Debug.\nfn some_func<T: fmt::Debug>(foo: T) {\n    println!(\"{:?}\", foo);\n}\n\nfn main() {\n    // Calling the method is still fine, as i32 implements Debug.\n    some_func(5i32);\n\n    // This would fail to compile now:\n    // struct WithoutDebug;\n    // some_func(WithoutDebug);\n}\n```\n\nRust only looks at the signature of the called function, as such it must\nalready specify all requirements that will be used for every type parameter.\n"},"level":"error","spans":[{"file_name":"src/shadow/shadow_root.rs","byte_start":3923,"byte_end":3933,"line_start":134,"line_end":134,"column_start":34,"column_end":44,"is_primary":true,"text":[{"text":"            if let Ok(element) = ElementRef::try_from(child.clone()) {","highlight_start":34,"highlight_end":44}],"label":"unsatisfied trait bound","suggested_replacement":null,"suggestion_applicability":null,"expansion":null}],"children":[{"message":"the trait `From<Arc<parking_lot::lock_api::RwLock<parking_lot::RawRwLock, Box<(dyn Node + 'static)>>>>` is not implemented for `Arc<parking_lot::lock_api::RwLock<parking_lot::RawRwLock, dom_core::Element>>`","code":null,"level":"help","spans":[],"children":[],"rendered":null},{"message":"the following other types implement trait `From<T>`:\n  `Arc<B>` implements `From<Cow<'_, B>>`\n  `Arc<ByteStr>` implements `From<Arc<[u8]>>`\n  `Arc<CStr>` implements `From<&CStr>`\n  `Arc<CStr>` implements `From<&mut CStr>`\n  `Arc<CStr>` implements `From<CString>`\n  `Arc<OsStr>` implements `From<&OsStr>`\n  `Arc<OsStr>` implements `From<&mut OsStr>`\n  `Arc<OsStr>` implements `From<OsString>`\nand 14 others","code":null,"level":"help","spans":[],"children":[],"rendered":null},{"message":"required for `Arc<parking_lot::lock_api::RwLock<parking_lot::RawRwLock, Box<(dyn Node + 'static)>>>` to implement `Into<Arc<parking_lot::lock_api::RwLock<parking_lot::RawRwLock, dom_core::Element>>>`","code":null,"level":"note","spans":[],"children":[],"rendered":null},{"message":"required for `Arc<parking_lot::lock_api::RwLock<parking_lot::RawRwLock, dom_core::Element>>` to implement `TryFrom<Arc<RwLock<RawRwLock, Box<dyn Node>>>>`","code":null,"level":"note","spans":[],"children":[],"rendered":null},{"message":"the full name for the type has been written to '/home/user/Corten-DOM/components/dom_advanced/target/debug/deps/dom_advanced-26c374f0b245546d.long-type-4589538563580928533.txt'","code":null,"level":"note","spans":[],"children":[],"rendered":null},{"message":"consider using `--verbose` to print the full type name to the console","code":null,"level":"note","spans":[],"children":[],"rendered":null}],"rendered":"\u001b[0m\u001b[1m\u001b[38;5;9merror[E0277]\u001b[0m\u001b[0m\u001b[1m: the trait bound `Arc<RwLock<RawRwLock, Element>>: TryFrom<Arc<RwLock<RawRwLock, ...>>>` is not satisfied\u001b[0m\n\u001b[0m   \u001b[0m\u001b[0m\u001b[1m\u001b[38;5;12m--> \u001b[0m\u001b[0msrc/shadow/shadow_root.rs:134:34\u001b[0m\n\u001b[0m    \u001b[0m\u001b[0m\u001b[1m\u001b[38;5;12m|\u001b[0m\n\u001b[0m\u001b[1m\u001b[38;5;12m134\u001b[0m\u001b[0m \u001b[0m\u001b[0m\u001b[1m\u001b[38;5;12m|\u001b[0m\u001b[0m \u001b[0m\u001b[0m            if let Ok(element) = ElementRef::try_from(child.clone()) {\u001b[0m\n\u001b[0m    \u001b[0m\u001b[0m\u001b[1m\u001b[38;5;12m|\u001b[0m\u001b[0m                                  \u001b[0m\u001b[0m\u001b[1m\u001b[38;5;9m^^^^^^^^^^\u001b[0m\u001b[0m \u001b[0m\u001b[0m\u001b[1m\u001b[38;5;9munsatisfied trait bound\u001b[0m\n\u001b[0m    \u001b[0m\u001b[0m\u001b[1m\u001b[38;5;12m|\u001b[0m\n\u001b[0m    \u001b[0m\u001b[0m\u001b[1m\u001b[38;5;12m= \u001b[0m\u001b[0m\u001b[1mhelp\u001b[0m\u001b[0m: the trait `From<Arc<parking_lot::lock_api::RwLock<parking_lot::RawRwLock, Box<(dyn Node + 'static)>>>>` is not implemented for `Arc<parking_lot::lock_api::RwLock<parking_lot::RawRwLock, dom_core::Element>>`\u001b[0m\n\u001b[0m    \u001b[0m\u001b[0m\u001b[1m\u001b[38;5;12m= \u001b[0m\u001b[0m\u001b[1mhelp\u001b[0m\u001b[0m: the following other types implement trait `From<T>`:\u001b[0m\n\u001b[0m              `Arc<B>` implements `From<Cow<'_, B>>`\u001b[0m\n\u001b[0m              `Arc<ByteStr>` implements `From<Arc<[u8]>>`\u001b[0m\n\u001b[0m              `Arc<CStr>` implements `From<&CStr>`\u001b[0m\n\u001b[0m              `Arc<CStr>` implements `From<&mut CStr>`\u001b[0m\n\u001b[0m              `Arc<CStr>` implements `From<CString>`\u001b[0m\n\u001b[0m              `Arc<OsStr>` implements `From<&OsStr>`\u001b[0m\n\u001b[0m              `Arc<OsStr>` implements `From<&mut OsStr>`\u001b[0m\n\u001b[0m              `Arc<OsStr>` implements `From<OsString>`\u001b[0m\n\u001b[0m            and 14 others\u001b[0m\n\u001b[0m    \u001b[0m\u001b[0m\u001b[1m\u001b[38;5;12m= \u001b[0m\u001b[0m\u001b[1mnote\u001b[0m\u001b[0m: required for `Arc<parking_lot::lock_api::RwLock<parking_lot::RawRwLock, Box<(dyn Node + 'static)>>>` to implement `Into<Arc<parking_lot::lock_api::RwLock<parking_lot::RawRwLock, dom_core::Element>>>`\u001b[0m\n\u001b[0m    \u001b[0m\u001b[0m\u001b[1m\u001b[38;5;12m= \u001b[0m\u001b[0m\u001b[1mnote\u001b[0m\u001b[0m: required for `Arc<parking_lot::lock_api::RwLock<parking_lot::RawRwLock, dom_core::Element>>` to implement `TryFrom<Arc<RwLock<RawRwLock, Box<dyn Node>>>>`\u001b[0m\n\u001b[0m    \u001b[0m\u001b[0m\u001b[1m\u001b[38;5;12m= \u001b[0m\u001b[0m\u001b[1mnote\u001b[0m\u001b[0m: the full name for the type has been written to '/home/user/Corten-DOM/components/dom_advanced/target/debug/deps/dom_advanced-26c374f0b245546d.long-type-4589538563580928533.txt'\u001b[0m\n\u001b[0m    \u001b[0m\u001b[0m\u001b[1m\u001b[38;5;12m= \u001b[0m\u001b[0m\u001b[1mnote\u001b[0m\u001b[0m: consider using `--verbose` to print the full type name to the console\u001b[0m\n\n"}
{"$message_type":"diagnostic","message":"no method named `get_attribute` found for struct `Arc<parking_lot::lock_api::RwLock<parking_lot::RawRwLock, dom_core::Element>>` in the current scope","code":{"code":"E0599","explanation":"This error occurs when a method is used on a type which doesn't implement it:\n\nErroneous code example:\n\n```compile_fail,E0599\nstruct Mouth;\n\nlet x = Mouth;\nx.chocolate(); // error: no method named `chocolate` found for type `Mouth`\n               //        in the current scope\n```\n\nIn this case, you need to implement the `chocolate` method to fix the error:\n\n```\nstruct Mouth;\n\nimpl Mouth {\n    fn chocolate(&self) { // We implement the `chocolate` method here.\n        println!(\"Hmmm! I love chocolate!\");\n    }\n}\n\nlet x = Mouth;\nx.chocolate(); // ok!\n```\n"},"level":"error","spans":[{"file_name":"src/shadow/shadow_root.rs","byte_start":4008,"byte_end":4021,"line_start":135,"line_end":135,"column_start":48,"column_end":61,"is_primary":true,"text":[{"text":"                if let Some(elem_id) = element.get_attribute(\"id\") {","highlight_start":48,"highlight_end":61}],"label":null,"suggested_replacement":null,"suggestion_applicability":null,"expansion":null}],"children":[{"message":"there is a method `get_mut` with a similar name, but with different arguments","code":null,"level":"help","spans":[{"file_name":"/root/.cargo/registry/src/index.crates.io-1949cf8c6b5b557f/lock_api-0.4.14/src/rwlock.rs","byte_start":18724,"byte_end":18759,"line_start":520,"line_end":520,"column_start":5,"column_end":40,"is_primary":true,"text":[{"text":"    pub fn get_mut(&mut self) -> &mut T {","highlight_start":5,"highlight_end":40}],"label":null,"suggested_replacement":null,"suggestion_applicability":null,"expansion":null}],"children":[],"rendered":null}],"rendered":"\u001b[0m\u001b[1m\u001b[38;5;9merror[E0599]\u001b[0m\u001b[0m\u001b[1m: no method named `get_attribute` found for struct `Arc<parking_lot::lock_api::RwLock<parking_lot::RawRwLock, dom_core::Element>>` in the current scope\u001b[0m\n\u001b[0m   \u001b[0m\u001b[0m\u001b[1m\u001b[38;5;12m--> \u001b[0m\u001b[0msrc/shadow/shadow_root.rs:135:48\u001b[0m\n\u001b[0m    \u001b[0m\u001b[0m\u001b[1m\u001b[38;5;12m|\u001b[0m\n\u001b[0m\u001b[1m\u001b[38;5;12m135\u001b[0m\u001b[0m \u001b[0m\u001b[0m\u001b[1m\u001b[38;5;12m|\u001b[0m\u001b[0m \u001b[0m\u001b[0m                if let Some(elem_id) = element.get_attribute(\"id\") {\u001b[0m\n\u001b[0m    \u001b[0m\u001b[0m\u001b[1m\u001b[38;5;12m|\u001b[0m\u001b[0m                                                \u001b[0m\u001b[0m\u001b[1m\u001b[38;5;9m^^^^^^^^^^^^^\u001b[0m\n\u001b[0m    \u001b[0m\u001b[0m\u001b[1m\u001b[38;5;12m|\u001b[0m\n\u001b[0m\u001b[1m\u001b[38;5;14mhelp\u001b[0m\u001b[0m: there is a method `get_mut` with a similar name, but with different arguments\u001b[0m\n\u001b[0m   \u001b[0m\u001b[0m\u001b[1m\u001b[38;5;12m--> \u001b[0m\u001b[0m/root/.cargo/registry/src/index.crates.io-1949cf8c6b5b557f/lock_api-0.4.14/src/rwlock.rs:520:5\u001b[0m\n\u001b[0m    \u001b[0m\u001b[0m\u001b[1m\u001b[38;5;12m|\u001b[0m\n\u001b[0m\u001b[1m\u001b[38;5;12m520\u001b[0m\u001b[0m \u001b[0m\u001b[0m\u001b[1m\u001b[38;5;12m|\u001b[0m\u001b[0m \u001b[0m\u001b[0m    pub fn get_mut(&mut self) -> &mut T {\u001b[0m\n\u001b[0m    \u001b[0m\u001b[0m\u001b[1m\u001b[38;5;12m|\u001b[0m\u001b[0m     \u001b[0m\u001b[0m\u001b[1m\u001b[38;5;14m^^^^^^^^^^^^^^^^^^^^^^^^^^^^^^^^^^^\u001b[0m\n\n"}
{"$message_type":"diagnostic","message":"the trait bound `Arc<RwLock<RawRwLock, Element>>: From<Arc<RwLock<RawRwLock, ...>>>` is not satisfied","code":{"code":"E0277","explanation":"You tried to use a type which doesn't implement some trait in a place which\nexpected that trait.\n\nErroneous code example:\n\n```compile_fail,E0277\n// here we declare the Foo trait with a bar method\ntrait Foo {\n    fn bar(&self);\n}\n\n// we now declare a function which takes an object implementing the Foo trait\nfn some_func<T: Foo>(foo: T) {\n    foo.bar();\n}\n\nfn main() {\n    // we now call the method with the i32 type, which doesn't implement\n    // the Foo trait\n    some_func(5i32); // error: the trait bound `i32 : Foo` is not satisfied\n}\n```\n\nIn order to fix this error, verify that the type you're using does implement\nthe trait. Example:\n\n```\ntrait Foo {\n    fn bar(&self);\n}\n\n// we implement the trait on the i32 type\nimpl Foo for i32 {\n    fn bar(&self) {}\n}\n\nfn some_func<T: Foo>(foo: T) {\n    foo.bar(); // we can now use this method since i32 implements the\n               // Foo trait\n}\n\nfn main() {\n    some_func(5i32); // ok!\n}\n```\n\nOr in a generic context, an erroneous code example would look like:\n\n```compile_fail,E0277\nfn some_func<T>(foo: T) {\n    println!(\"{:?}\", foo); // error: the trait `core::fmt::Debug` is not\n                           //        implemented for the type `T`\n}\n\nfn main() {\n    // We now call the method with the i32 type,\n    // which *does* implement the Debug trait.\n    some_func(5i32);\n}\n```\n\nNote that the error here is in the definition of the generic function. Although\nwe only call it with a parameter that does implement `Debug`, the compiler\nstill rejects the function. It must work with all possible input types. In\norder to make this example compile, we need to restrict the generic type we're\naccepting:\n\n```\nuse std::fmt;\n\n// Restrict the input type to types that implement Debug.\nfn some_func<T: fmt::Debug>(foo: T) {\n    println!(\"{:?}\", foo);\n}\n\nfn main() {\n    // Calling the method is still fine, as i32 implements Debug.\n    some_func(5i32);\n\n    // This would fail to compile now:\n    // struct WithoutDebug;\n    // some_func(WithoutDebug);\n}\n```\n\nRust only looks at the signature of the called function, as such it must\nalready specify all requirements that will be used for every type parameter.\n"},"level":"error","spans":[{"file_name":"src/shadow/shadow_root.rs","byte_start":3923,"byte_end":3958,"line_start":134,"line_end":134,"column_start":34,"column_end":69,"is_primary":true,"text":[{"text":"            if let Ok(element) = ElementRef::try_from(child.clone()) {","highlight_start":34,"highlight_end":69}],"label":"unsatisfied trait bound","suggested_replacement":null,"suggestion_applicability":null,"expansion":null}],"children":[{"message":"the trait `From<Arc<parking_lot::lock_api::RwLock<parking_lot::RawRwLock, Box<(dyn Node + 'static)>>>>` is not implemented for `Arc<parking_lot::lock_api::RwLock<parking_lot::RawRwLock, dom_core::Element>>`","code":null,"level":"help","spans":[],"children":[],"rendered":null},{"message":"the following other types implement trait `From<T>`:\n  `Arc<B>` implements `From<Cow<'_, B>>`\n  `Arc<ByteStr>` implements `From<Arc<[u8]>>`\n  `Arc<CStr>` implements `From<&CStr>`\n  `Arc<CStr>` implements `From<&mut CStr>`\n  `Arc<CStr>` implements `From<CString>`\n  `Arc<OsStr>` implements `From<&OsStr>`\n  `Arc<OsStr>` implements `From<&mut OsStr>`\n  `Arc<OsStr>` implements `From<OsString>`\nand 14 others","code":null,"level":"help","spans":[],"children":[],"rendered":null},{"message":"required for `Arc<parking_lot::lock_api::RwLock<parking_lot::RawRwLock, Box<(dyn Node + 'static)>>>` to implement `Into<Arc<parking_lot::lock_api::RwLock<parking_lot::RawRwLock, dom_core::Element>>>`","code":null,"level":"note","spans":[],"children":[],"rendered":null},{"message":"required for `Arc<parking_lot::lock_api::RwLock<parking_lot::RawRwLock, dom_core::Element>>` to implement `TryFrom<Arc<RwLock<RawRwLock, Box<dyn Node>>>>`","code":null,"level":"note","spans":[],"children":[],"rendered":null},{"message":"the full name for the type has been written to '/home/user/Corten-DOM/components/dom_advanced/target/debug/deps/dom_advanced-26c374f0b245546d.long-type-9417791973087207801.txt'","code":null,"level":"note","spans":[],"children":[],"rendered":null},{"message":"consider using `--verbose` to print the full type name to the console","code":null,"level":"note","spans":[],"children":[],"rendered":null}],"rendered":"\u001b[0m\u001b[1m\u001b[38;5;9merror[E0277]\u001b[0m\u001b[0m\u001b[1m: the trait bound `Arc<RwLock<RawRwLock, Element>>: From<Arc<RwLock<RawRwLock, ...>>>` is not satisfied\u001b[0m\n\u001b[0m   \u001b[0m\u001b[0m\u001b[1m\u001b[38;5;12m--> \u001b[0m\u001b[0msrc/shadow/shadow_root.rs:134:34\u001b[0m\n\u001b[0m    \u001b[0m\u001b[0m\u001b[1m\u001b[38;5;12m|\u001b[0m\n\u001b[0m\u001b[1m\u001b[38;5;12m134\u001b[0m\u001b[0m \u001b[0m\u001b[0m\u001b[1m\u001b[38;5;12m|\u001b[0m\u001b[0m \u001b[0m\u001b[0m            if let Ok(element) = ElementRef::try_from(child.clone()) {\u001b[0m\n\u001b[0m    \u001b[0m\u001b[0m\u001b[1m\u001b[38;5;12m|\u001b[0m\u001b[0m                                  \u001b[0m\u001b[0m\u001b[1m\u001b[38;5;9m^^^^^^^^^^^^^^^^^^^^^^^^^^^^^^^^^^^\u001b[0m\u001b[0m \u001b[0m\u001b[0m\u001b[1m\u001b[38;5;9munsatisfied trait bound\u001b[0m\n\u001b[0m    \u001b[0m\u001b[0m\u001b[1m\u001b[38;5;12m|\u001b[0m\n\u001b[0m    \u001b[0m\u001b[0m\u001b[1m\u001b[38;5;12m= \u001b[0m\u001b[0m\u001b[1mhelp\u001b[0m\u001b[0m: the trait `From<Arc<parking_lot::lock_api::RwLock<parking_lot::RawRwLock, Box<(dyn Node + 'static)>>>>` is not implemented for `Arc<parking_lot::lock_api::RwLock<parking_lot::RawRwLock, dom_core::Element>>`\u001b[0m\n\u001b[0m    \u001b[0m\u001b[0m\u001b[1m\u001b[38;5;12m= \u001b[0m\u001b[0m\u001b[1mhelp\u001b[0m\u001b[0m: the following other types implement trait `From<T>`:\u001b[0m\n\u001b[0m              `Arc<B>` implements `From<Cow<'_, B>>`\u001b[0m\n\u001b[0m              `Arc<ByteStr>` implements `From<Arc<[u8]>>`\u001b[0m\n\u001b[0m              `Arc<CStr>` implements `From<&CStr>`\u001b[0m\n\u001b[0m              `Arc<CStr>` implements `From<&mut CStr>`\u001b[0m\n\u001b[0m              `Arc<CStr>` implements `From<CString>`\u001b[0m\n\u001b[0m              `Arc<OsStr>` implements `From<&OsStr>`\u001b[0m\n\u001b[0m              `Arc<OsStr>` implements `From<&mut OsStr>`\u001b[0m\n\u001b[0m              `Arc<OsStr>` implements `From<OsString>`\u001b[0m\n\u001b[0m            and 14 others\u001b[0m\n\u001b[0m    \u001b[0m\u001b[0m\u001b[1m\u001b[38;5;12m= \u001b[0m\u001b[0m\u001b[1mnote\u001b[0m\u001b[0m: required for `Arc<parking_lot::lock_api::RwLock<parking_lot::RawRwLock, Box<(dyn Node + 'static)>>>` to implement `Into<Arc<parking_lot::lock_api::RwLock<parking_lot::RawRwLock, dom_core::Element>>>`\u001b[0m\n\u001b[0m    \u001b[0m\u001b[0m\u001b[1m\u001b[38;5;12m= \u001b[0m\u001b[0m\u001b[1mnote\u001b[0m\u001b[0m: required for `Arc<parking_lot::lock_api::RwLock<parking_lot::RawRwLock, dom_core::Element>>` to implement `TryFrom<Arc<RwLock<RawRwLock, Box<dyn Node>>>>`\u001b[0m\n\u001b[0m    \u001b[0m\u001b[0m\u001b[1m\u001b[38;5;12m= \u001b[0m\u001b[0m\u001b[1mnote\u001b[0m\u001b[0m: the full name for the type has been written to '/home/user/Corten-DOM/components/dom_advanced/target/debug/deps/dom_advanced-26c374f0b245546d.long-type-9417791973087207801.txt'\u001b[0m\n\u001b[0m    \u001b[0m\u001b[0m\u001b[1m\u001b[38;5;12m= \u001b[0m\u001b[0m\u001b[1mnote\u001b[0m\u001b[0m: consider using `--verbose` to print the full type name to the console\u001b[0m\n\n"}
{"$message_type":"diagnostic","message":"no method named `get_attribute` found for struct `Arc<parking_lot::lock_api::RwLock<parking_lot::RawRwLock, dom_core::Element>>` in the current scope","code":{"code":"E0599","explanation":"This error occurs when a method is used on a type which doesn't implement it:\n\nErroneous code example:\n\n```compile_fail,E0599\nstruct Mouth;\n\nlet x = Mouth;\nx.chocolate(); // error: no method named `chocolate` found for type `Mouth`\n               //        in the current scope\n```\n\nIn this case, you need to implement the `chocolate` method to fix the error:\n\n```\nstruct Mouth;\n\nimpl Mouth {\n    fn chocolate(&self) { // We implement the `chocolate` method here.\n        println!(\"Hmmm! I love chocolate!\");\n    }\n}\n\nlet x = Mouth;\nx.chocolate(); // ok!\n```\n"},"level":"error","spans":[{"file_name":"src/shadow/slot.rs","byte_start":758,"byte_end":771,"line_start":32,"line_end":32,"column_start":28,"column_end":41,"is_primary":true,"text":[{"text":"        let name = element.get_attribute(\"name\");","highlight_start":28,"highlight_end":41}],"label":null,"suggested_replacement":null,"suggestion_applicability":null,"expansion":null}],"children":[{"message":"there is a method `get_mut` with a similar name, but with different arguments","code":null,"level":"help","spans":[{"file_name":"/root/.cargo/registry/src/index.crates.io-1949cf8c6b5b557f/lock_api-0.4.14/src/rwlock.rs","byte_start":18724,"byte_end":18759,"line_start":520,"line_end":520,"column_start":5,"column_end":40,"is_primary":true,"text":[{"text":"    pub fn get_mut(&mut self) -> &mut T {","highlight_start":5,"highlight_end":40}],"label":null,"suggested_replacement":null,"suggestion_applicability":null,"expansion":null}],"children":[],"rendered":null}],"rendered":"\u001b[0m\u001b[1m\u001b[38;5;9merror[E0599]\u001b[0m\u001b[0m\u001b[1m: no method named `get_attribute` found for struct `Arc<parking_lot::lock_api::RwLock<parking_lot::RawRwLock, dom_core::Element>>` in the current scope\u001b[0m\n\u001b[0m   \u001b[0m\u001b[0m\u001b[1m\u001b[38;5;12m--> \u001b[0m\u001b[0msrc/shadow/slot.rs:32:28\u001b[0m\n\u001b[0m    \u001b[0m\u001b[0m\u001b[1m\u001b[38;5;12m|\u001b[0m\n\u001b[0m \u001b[0m\u001b[0m\u001b[1m\u001b[38;5;12m32\u001b[0m\u001b[0m \u001b[0m\u001b[0m\u001b[1m\u001b[38;5;12m|\u001b[0m\u001b[0m \u001b[0m\u001b[0m        let name = element.get_attribute(\"name\");\u001b[0m\n\u001b[0m    \u001b[0m\u001b[0m\u001b[1m\u001b[38;5;12m|\u001b[0m\u001b[0m                            \u001b[0m\u001b[0m\u001b[1m\u001b[38;5;9m^^^^^^^^^^^^^\u001b[0m\n\u001b[0m    \u001b[0m\u001b[0m\u001b[1m\u001b[38;5;12m|\u001b[0m\n\u001b[0m\u001b[1m\u001b[38;5;14mhelp\u001b[0m\u001b[0m: there is a method `get_mut` with a similar name, but with different arguments\u001b[0m\n\u001b[0m   \u001b[0m\u001b[0m\u001b[1m\u001b[38;5;12m--> \u001b[0m\u001b[0m/root/.cargo/registry/src/index.crates.io-1949cf8c6b5b557f/lock_api-0.4.14/src/rwlock.rs:520:5\u001b[0m\n\u001b[0m    \u001b[0m\u001b[0m\u001b[1m\u001b[38;5;12m|\u001b[0m\n\u001b[0m\u001b[1m\u001b[38;5;12m520\u001b[0m\u001b[0m \u001b[0m\u001b[0m\u001b[1m\u001b[38;5;12m|\u001b[0m\u001b[0m \u001b[0m\u001b[0m    pub fn get_mut(&mut self) -> &mut T {\u001b[0m\n\u001b[0m    \u001b[0m\u001b[0m\u001b[1m\u001b[38;5;12m|\u001b[0m\u001b[0m     \u001b[0m\u001b[0m\u001b[1m\u001b[38;5;14m^^^^^^^^^^^^^^^^^^^^^^^^^^^^^^^^^^^\u001b[0m\n\n"}
{"$message_type":"diagnostic","message":"the trait bound `Arc<RwLock<RawRwLock, Element>>: TryFrom<Arc<RwLock<RawRwLock, ...>>>` is not satisfied","code":{"code":"E0277","explanation":"You tried to use a type which doesn't implement some trait in a place which\nexpected that trait.\n\nErroneous code example:\n\n```compile_fail,E0277\n// here we declare the Foo trait with a bar method\ntrait Foo {\n    fn bar(&self);\n}\n\n// we now declare a function which takes an object implementing the Foo trait\nfn some_func<T: Foo>(foo: T) {\n    foo.bar();\n}\n\nfn main() {\n    // we now call the method with the i32 type, which doesn't implement\n    // the Foo trait\n    some_func(5i32); // error: the trait bound `i32 : Foo` is not satisfied\n}\n```\n\nIn order to fix this error, verify that the type you're using does implement\nthe trait. Example:\n\n```\ntrait Foo {\n    fn bar(&self);\n}\n\n// we implement the trait on the i32 type\nimpl Foo for i32 {\n    fn bar(&self) {}\n}\n\nfn some_func<T: Foo>(foo: T) {\n    foo.bar(); // we can now use this method since i32 implements the\n               // Foo trait\n}\n\nfn main() {\n    some_func(5i32); // ok!\n}\n```\n\nOr in a generic context, an erroneous code example would look like:\n\n```compile_fail,E0277\nfn some_func<T>(foo: T) {\n    println!(\"{:?}\", foo); // error: the trait `core::fmt::Debug` is not\n                           //        implemented for the type `T`\n}\n\nfn main() {\n    // We now call the method with the i32 type,\n    // which *does* implement the Debug trait.\n    some_func(5i32);\n}\n```\n\nNote that the error here is in the definition of the generic function. Although\nwe only call it with a parameter that does implement `Debug`, the compiler\nstill rejects the function. It must work with all possible input types. In\norder to make this example compile, we need to restrict the generic type we're\naccepting:\n\n```\nuse std::fmt;\n\n// Restrict the input type to types that implement Debug.\nfn some_func<T: fmt::Debug>(foo: T) {\n    println!(\"{:?}\", foo);\n}\n\nfn main() {\n    // Calling the method is still fine, as i32 implements Debug.\n    some_func(5i32);\n\n    // This would fail to compile now:\n    // struct WithoutDebug;\n    // some_func(WithoutDebug);\n}\n```\n\nRust only looks at the signature of the called function, as such it must\nalready specify all requirements that will be used for every type parameter.\n"},"level":"error","spans":[{"file_name":"src/shadow/slot.rs","byte_start":1984,"byte_end":1994,"line_start":75,"line_end":75,"column_start":32,"column_end":42,"is_primary":true,"text":[{"text":"            .filter_map(|node| ElementRef::try_from(node.clone()).ok())","highlight_start":32,"highlight_end":42}],"label":"unsatisfied trait bound","suggested_replacement":null,"suggestion_applicability":null,"expansion":null}],"children":[{"message":"the trait `From<Arc<parking_lot::lock_api::RwLock<parking_lot::RawRwLock, Box<(dyn Node + 'static)>>>>` is not implemented for `Arc<parking_lot::lock_api::RwLock<parking_lot::RawRwLock, dom_core::Element>>`","code":null,"level":"help","spans":[],"children":[],"rendered":null},{"message":"the following other types implement trait `From<T>`:\n  `Arc<B>` implements `From<Cow<'_, B>>`\n  `Arc<ByteStr>` implements `From<Arc<[u8]>>`\n  `Arc<CStr>` implements `From<&CStr>`\n  `Arc<CStr>` implements `From<&mut CStr>`\n  `Arc<CStr>` implements `From<CString>`\n  `Arc<OsStr>` implements `From<&OsStr>`\n  `Arc<OsStr>` implements `From<&mut OsStr>`\n  `Arc<OsStr>` implements `From<OsString>`\nand 14 others","code":null,"level":"help","spans":[],"children":[],"rendered":null},{"message":"required for `Arc<parking_lot::lock_api::RwLock<parking_lot::RawRwLock, Box<(dyn Node + 'static)>>>` to implement `Into<Arc<parking_lot::lock_api::RwLock<parking_lot::RawRwLock, dom_core::Element>>>`","code":null,"level":"note","spans":[],"children":[],"rendered":null},{"message":"required for `Arc<parking_lot::lock_api::RwLock<parking_lot::RawRwLock, dom_core::Element>>` to implement `TryFrom<Arc<RwLock<RawRwLock, Box<dyn Node>>>>`","code":null,"level":"note","spans":[],"children":[],"rendered":null},{"message":"the full name for the type has been written to '/home/user/Corten-DOM/components/dom_advanced/target/debug/deps/dom_advanced-26c374f0b245546d.long-type-4589538563580928533.txt'","code":null,"level":"note","spans":[],"children":[],"rendered":null},{"message":"consider using `--verbose` to print the full type name to the console","code":null,"level":"note","spans":[],"children":[],"rendered":null}],"rendered":"\u001b[0m\u001b[1m\u001b[38;5;9merror[E0277]\u001b[0m\u001b[0m\u001b[1m: the trait bound `Arc<RwLock<RawRwLock, Element>>: TryFrom<Arc<RwLock<RawRwLock, ...>>>` is not satisfied\u001b[0m\n\u001b[0m  \u001b[0m\u001b[0m\u001b[1m\u001b[38;5;12m--> \u001b[0m\u001b[0msrc/shadow/slot.rs:75:32\u001b[0m\n\u001b[0m   \u001b[0m\u001b[0m\u001b[1m\u001b[38;5;12m|\u001b[0m\n\u001b[0m\u001b[1m\u001b[38;5;12m75\u001b[0m\u001b[0m \u001b[0m\u001b[0m\u001b[1m\u001b[38;5;12m|\u001b[0m\u001b[0m \u001b[0m\u001b[0m            .filter_map(|node| ElementRef::try_from(node.clone()).ok())\u001b[0m\n\u001b[0m   \u001b[0m\u001b[0m\u001b[1m\u001b[38;5;12m|\u001b[0m\u001b[0m                                \u001b[0m\u001b[0m\u001b[1m\u001b[38;5;9m^^^^^^^^^^\u001b[0m\u001b[0m \u001b[0m\u001b[0m\u001b[1m\u001b[38;5;9munsatisfied trait bound\u001b[0m\n\u001b[0m   \u001b[0m\u001b[0m\u001b[1m\u001b[38;5;12m|\u001b[0m\n\u001b[0m   \u001b[0m\u001b[0m\u001b[1m\u001b[38;5;12m= \u001b[0m\u001b[0m\u001b[1mhelp\u001b[0m\u001b[0m: the trait `From<Arc<parking_lot::lock_api::RwLock<parking_lot::RawRwLock, Box<(dyn Node + 'static)>>>>` is not implemented for `Arc<parking_lot::lock_api::RwLock<parking_lot::RawRwLock, dom_core::Element>>`\u001b[0m\n\u001b[0m   \u001b[0m\u001b[0m\u001b[1m\u001b[38;5;12m= \u001b[0m\u001b[0m\u001b[1mhelp\u001b[0m\u001b[0m: the following other types implement trait `From<T>`:\u001b[0m\n\u001b[0m             `Arc<B>` implements `From<Cow<'_, B>>`\u001b[0m\n\u001b[0m             `Arc<ByteStr>` implements `From<Arc<[u8]>>`\u001b[0m\n\u001b[0m             `Arc<CStr>` implements `From<&CStr>`\u001b[0m\n\u001b[0m             `Arc<CStr>` implements `From<&mut CStr>`\u001b[0m\n\u001b[0m             `Arc<CStr>` implements `From<CString>`\u001b[0m\n\u001b[0m             `Arc<OsStr>` implements `From<&OsStr>`\u001b[0m\n\u001b[0m             `Arc<OsStr>` implements `From<&mut OsStr>`\u001b[0m\n\u001b[0m             `Arc<OsStr>` implements `From<OsString>`\u001b[0m\n\u001b[0m           and 14 others\u001b[0m\n\u001b[0m   \u001b[0m\u001b[0m\u001b[1m\u001b[38;5;12m= \u001b[0m\u001b[0m\u001b[1mnote\u001b[0m\u001b[0m: required for `Arc<parking_lot::lock_api::RwLock<parking_lot::RawRwLock, Box<(dyn Node + 'static)>>>` to implement `Into<Arc<parking_lot::lock_api::RwLock<parking_lot::RawRwLock, dom_core::Element>>>`\u001b[0m\n\u001b[0m   \u001b[0m\u001b[0m\u001b[1m\u001b[38;5;12m= \u001b[0m\u001b[0m\u001b[1mnote\u001b[0m\u001b[0m: required for `Arc<parking_lot::lock_api::RwLock<parking_lot::RawRwLock, dom_core::Element>>` to implement `TryFrom<Arc<RwLock<RawRwLock, Box<dyn Node>>>>`\u001b[0m\n\u001b[0m   \u001b[0m\u001b[0m\u001b[1m\u001b[38;5;12m= \u001b[0m\u001b[0m\u001b[1mnote\u001b[0m\u001b[0m: the full name for the type has been written to '/home/user/Corten-DOM/components/dom_advanced/target/debug/deps/dom_advanced-26c374f0b245546d.long-type-4589538563580928533.txt'\u001b[0m\n\u001b[0m   \u001b[0m\u001b[0m\u001b[1m\u001b[38;5;12m= \u001b[0m\u001b[0m\u001b[1mnote\u001b[0m\u001b[0m: consider using `--verbose` to print the full type name to the console\u001b[0m\n\n"}
{"$message_type":"diagnostic","message":"the trait bound `Arc<RwLock<RawRwLock, Element>>: From<Arc<RwLock<RawRwLock, ...>>>` is not satisfied","code":{"code":"E0277","explanation":"You tried to use a type which doesn't implement some trait in a place which\nexpected that trait.\n\nErroneous code example:\n\n```compile_fail,E0277\n// here we declare the Foo trait with a bar method\ntrait Foo {\n    fn bar(&self);\n}\n\n// we now declare a function which takes an object implementing the Foo trait\nfn some_func<T: Foo>(foo: T) {\n    foo.bar();\n}\n\nfn main() {\n    // we now call the method with the i32 type, which doesn't implement\n    // the Foo trait\n    some_func(5i32); // error: the trait bound `i32 : Foo` is not satisfied\n}\n```\n\nIn order to fix this error, verify that the type you're using does implement\nthe trait. Example:\n\n```\ntrait Foo {\n    fn bar(&self);\n}\n\n// we implement the trait on the i32 type\nimpl Foo for i32 {\n    fn bar(&self) {}\n}\n\nfn some_func<T: Foo>(foo: T) {\n    foo.bar(); // we can now use this method since i32 implements the\n               // Foo trait\n}\n\nfn main() {\n    some_func(5i32); // ok!\n}\n```\n\nOr in a generic context, an erroneous code example would look like:\n\n```compile_fail,E0277\nfn some_func<T>(foo: T) {\n    println!(\"{:?}\", foo); // error: the trait `core::fmt::Debug` is not\n                           //        implemented for the type `T`\n}\n\nfn main() {\n    // We now call the method with the i32 type,\n    // which *does* implement the Debug trait.\n    some_func(5i32);\n}\n```\n\nNote that the error here is in the definition of the generic function. Although\nwe only call it with a parameter that does implement `Debug`, the compiler\nstill rejects the function. It must work with all possible input types. In\norder to make this example compile, we need to restrict the generic type we're\naccepting:\n\n```\nuse std::fmt;\n\n// Restrict the input type to types that implement Debug.\nfn some_func<T: fmt::Debug>(foo: T) {\n    println!(\"{:?}\", foo);\n}\n\nfn main() {\n    // Calling the method is still fine, as i32 implements Debug.\n    some_func(5i32);\n\n    // This would fail to compile now:\n    // struct WithoutDebug;\n    // some_func(WithoutDebug);\n}\n```\n\nRust only looks at the signature of the called function, as such it must\nalready specify all requirements that will be used for every type parameter.\n"},"level":"error","spans":[{"file_name":"src/shadow/slot.rs","byte_start":1984,"byte_end":2018,"line_start":75,"line_end":75,"column_start":32,"column_end":66,"is_primary":true,"text":[{"text":"            .filter_map(|node| ElementRef::try_from(node.clone()).ok())","highlight_start":32,"highlight_end":66}],"label":"unsatisfied trait bound","suggested_replacement":null,"suggestion_applicability":null,"expansion":null}],"children":[{"message":"the trait `From<Arc<parking_lot::lock_api::RwLock<parking_lot::RawRwLock, Box<(dyn Node + 'static)>>>>` is not implemented for `Arc<parking_lot::lock_api::RwLock<parking_lot::RawRwLock, dom_core::Element>>`","code":null,"level":"help","spans":[],"children":[],"rendered":null},{"message":"the following other types implement trait `From<T>`:\n  `Arc<B>` implements `From<Cow<'_, B>>`\n  `Arc<ByteStr>` implements `From<Arc<[u8]>>`\n  `Arc<CStr>` implements `From<&CStr>`\n  `Arc<CStr>` implements `From<&mut CStr>`\n  `Arc<CStr>` implements `From<CString>`\n  `Arc<OsStr>` implements `From<&OsStr>`\n  `Arc<OsStr>` implements `From<&mut OsStr>`\n  `Arc<OsStr>` implements `From<OsString>`\nand 14 others","code":null,"level":"help","spans":[],"children":[],"rendered":null},{"message":"required for `Arc<parking_lot::lock_api::RwLock<parking_lot::RawRwLock, Box<(dyn Node + 'static)>>>` to implement `Into<Arc<parking_lot::lock_api::RwLock<parking_lot::RawRwLock, dom_core::Element>>>`","code":null,"level":"note","spans":[],"children":[],"rendered":null},{"message":"required for `Arc<parking_lot::lock_api::RwLock<parking_lot::RawRwLock, dom_core::Element>>` to implement `TryFrom<Arc<RwLock<RawRwLock, Box<dyn Node>>>>`","code":null,"level":"note","spans":[],"children":[],"rendered":null},{"message":"the full name for the type has been written to '/home/user/Corten-DOM/components/dom_advanced/target/debug/deps/dom_advanced-26c374f0b245546d.long-type-9417791973087207801.txt'","code":null,"level":"note","spans":[],"children":[],"rendered":null},{"message":"consider using `--verbose` to print the full type name to the console","code":null,"level":"note","spans":[],"children":[],"rendered":null}],"rendered":"\u001b[0m\u001b[1m\u001b[38;5;9merror[E0277]\u001b[0m\u001b[0m\u001b[1m: the trait bound `Arc<RwLock<RawRwLock, Element>>: From<Arc<RwLock<RawRwLock, ...>>>` is not satisfied\u001b[0m\n\u001b[0m  \u001b[0m\u001b[0m\u001b[1m\u001b[38;5;12m--> \u001b[0m\u001b[0msrc/shadow/slot.rs:75:32\u001b[0m\n\u001b[0m   \u001b[0m\u001b[0m\u001b[1m\u001b[38;5;12m|\u001b[0m\n\u001b[0m\u001b[1m\u001b[38;5;12m75\u001b[0m\u001b[0m \u001b[0m\u001b[0m\u001b[1m\u001b[38;5;12m|\u001b[0m\u001b[0m \u001b[0m\u001b[0m            .filter_map(|node| ElementRef::try_from(node.clone()).ok())\u001b[0m\n\u001b[0m   \u001b[0m\u001b[0m\u001b[1m\u001b[38;5;12m|\u001b[0m\u001b[0m                                \u001b[0m\u001b[0m\u001b[1m\u001b[38;5;9m^^^^^^^^^^^^^^^^^^^^^^^^^^^^^^^^^^\u001b[0m\u001b[0m \u001b[0m\u001b[0m\u001b[1m\u001b[38;5;9munsatisfied trait bound\u001b[0m\n\u001b[0m   \u001b[0m\u001b[0m\u001b[1m\u001b[38;5;12m|\u001b[0m\n\u001b[0m   \u001b[0m\u001b[0m\u001b[1m\u001b[38;5;12m= \u001b[0m\u001b[0m\u001b[1mhelp\u001b[0m\u001b[0m: the trait `From<Arc<parking_lot::lock_api::RwLock<parking_lot::RawRwLock, Box<(dyn Node + 'static)>>>>` is not implemented for `Arc<parking_lot::lock_api::RwLock<parking_lot::RawRwLock, dom_core::Element>>`\u001b[0m\n\u001b[0m   \u001b[0m\u001b[0m\u001b[1m\u001b[38;5;12m= \u001b[0m\u001b[0m\u001b[1mhelp\u001b[0m\u001b[0m: the following other types implement trait `From<T>`:\u001b[0m\n\u001b[0m             `Arc<B>` implements `From<Cow<'_, B>>`\u001b[0m\n\u001b[0m             `Arc<ByteStr>` implements `From<Arc<[u8]>>`\u001b[0m\n\u001b[0m             `Arc<CStr>` implements `From<&CStr>`\u001b[0m\n\u001b[0m             `Arc<CStr>` implements `From<&mut CStr>`\u001b[0m\n\u001b[0m             `Arc<CStr>` implements `From<CString>`\u001b[0m\n\u001b[0m             `Arc<OsStr>` implements `From<&OsStr>`\u001b[0m\n\u001b[0m             `Arc<OsStr>` implements `From<&mut OsStr>`\u001b[0m\n\u001b[0m             `Arc<OsStr>` implements `From<OsString>`\u001b[0m\n\u001b[0m           and 14 others\u001b[0m\n\u001b[0m   \u001b[0m\u001b[0m\u001b[1m\u001b[38;5;12m= \u001b[0m\u001b[0m\u001b[1mnote\u001b[0m\u001b[0m: required for `Arc<parking_lot::lock_api::RwLock<parking_lot::RawRwLock, Box<(dyn Node + 'static)>>>` to implement `Into<Arc<parking_lot::lock_api::RwLock<parking_lot::RawRwLock, dom_core::Element>>>`\u001b[0m\n\u001b[0m   \u001b[0m\u001b[0m\u001b[1m\u001b[38;5;12m= \u001b[0m\u001b[0m\u001b[1mnote\u001b[0m\u001b[0m: required for `Arc<parking_lot::lock_api::RwLock<parking_lot::RawRwLock, dom_core::Element>>` to implement `TryFrom<Arc<RwLock<RawRwLock, Box<dyn Node>>>>`\u001b[0m\n\u001b[0m   \u001b[0m\u001b[0m\u001b[1m\u001b[38;5;12m= \u001b[0m\u001b[0m\u001b[1mnote\u001b[0m\u001b[0m: the full name for the type has been written to '/home/user/Corten-DOM/components/dom_advanced/target/debug/deps/dom_advanced-26c374f0b245546d.long-type-9417791973087207801.txt'\u001b[0m\n\u001b[0m   \u001b[0m\u001b[0m\u001b[1m\u001b[38;5;12m= \u001b[0m\u001b[0m\u001b[1mnote\u001b[0m\u001b[0m: consider using `--verbose` to print the full type name to the console\u001b[0m\n\n"}
{"$message_type":"diagnostic","message":"no method named `ptr_eq` found for reference `&Arc<parking_lot::lock_api::RwLock<parking_lot::RawRwLock, Box<(dyn Node + 'static)>>>` in the current scope","code":{"code":"E0599","explanation":"This error occurs when a method is used on a type which doesn't implement it:\n\nErroneous code example:\n\n```compile_fail,E0599\nstruct Mouth;\n\nlet x = Mouth;\nx.chocolate(); // error: no method named `chocolate` found for type `Mouth`\n               //        in the current scope\n```\n\nIn this case, you need to implement the `chocolate` method to fix the error:\n\n```\nstruct Mouth;\n\nimpl Mouth {\n    fn chocolate(&self) { // We implement the `chocolate` method here.\n        println!(\"Hmmm! I love chocolate!\");\n    }\n}\n\nlet x = Mouth;\nx.chocolate(); // ok!\n```\n"},"level":"error","spans":[{"file_name":"src/shadow/slot.rs","byte_start":2405,"byte_end":2411,"line_start":88,"line_end":88,"column_start":51,"column_end":57,"is_primary":true,"text":[{"text":"        if !inner.fallback_nodes.iter().any(|n| n.ptr_eq(&node)) {","highlight_start":51,"highlight_end":57}],"label":"this is an associated function, not a method","suggested_replacement":null,"suggestion_applicability":null,"expansion":null}],"children":[{"message":"found the following associated functions; to be used as methods, functions must have a `self` parameter","code":null,"level":"note","spans":[],"children":[],"rendered":null},{"message":"the candidate is defined in an impl for the type `Arc<T, A>`","code":null,"level":"note","spans":[],"children":[],"rendered":null},{"message":"use associated function syntax instead","code":null,"level":"help","spans":[{"file_name":"src/shadow/slot.rs","byte_start":2403,"byte_end":2418,"line_start":88,"line_end":88,"column_start":49,"column_end":64,"is_primary":true,"text":[{"text":"        if !inner.fallback_nodes.iter().any(|n| n.ptr_eq(&node)) {","highlight_start":49,"highlight_end":64}],"label":null,"suggested_replacement":"Arc::<parking_lot::lock_api::RwLock<parking_lot::RawRwLock, Box<(dyn Node + 'static)>>>::ptr_eq(&n, &node)","suggestion_applicability":"MachineApplicable","expansion":null}],"children":[],"rendered":null}],"rendered":"\u001b[0m\u001b[1m\u001b[38;5;9merror[E0599]\u001b[0m\u001b[0m\u001b[1m: no method named `ptr_eq` found for reference `&Arc<parking_lot::lock_api::RwLock<parking_lot::RawRwLock, Box<(dyn Node + 'static)>>>` in the current scope\u001b[0m\n\u001b[0m  \u001b[0m\u001b[0m\u001b[1m\u001b[38;5;12m--> \u001b[0m\u001b[0msrc/shadow/slot.rs:88:51\u001b[0m\n\u001b[0m   \u001b[0m\u001b[0m\u001b[1m\u001b[38;5;12m|\u001b[0m\n\u001b[0m\u001b[1m\u001b[38;5;12m88\u001b[0m\u001b[0m \u001b[0m\u001b[0m\u001b[1m\u001b[38;5;12m|\u001b[0m\u001b[0m \u001b[0m\u001b[0m        if !inner.fallback_nodes.iter().any(|n| n.ptr_eq(&node)) {\u001b[0m\n\u001b[0m   \u001b[0m\u001b[0m\u001b[1m\u001b[38;5;12m|\u001b[0m\u001b[0m                                                 \u001b[0m\u001b[0m\u001b[1m\u001b[38;5;12m--\u001b[0m\u001b[0m\u001b[1m\u001b[38;5;9m^^^^^^\u001b[0m\u001b[0m\u001b[1m\u001b[38;5;12m-------\u001b[0m\n\u001b[0m   \u001b[0m\u001b[0m\u001b[1m\u001b[38;5;12m|\u001b[0m\u001b[0m                                                 \u001b[0m\u001b[0m\u001b[1m\u001b[38;5;12m|\u001b[0m\u001b[0m \u001b[0m\u001b[0m\u001b[1m\u001b[38;5;9m|\u001b[0m\n\u001b[0m   \u001b[0m\u001b[0m\u001b[1m\u001b[38;5;12m|\u001b[0m\u001b[0m                                                 \u001b[0m\u001b[0m\u001b[1m\u001b[38;5;12m|\u001b[0m\u001b[0m \u001b[0m\u001b[0m\u001b[1m\u001b[38;5;9mthis is an associated function, not a method\u001b[0m\n\u001b[0m   \u001b[0m\u001b[0m\u001b[1m\u001b[38;5;12m|\u001b[0m\u001b[0m                                                 \u001b[0m\u001b[0m\u001b[1m\u001b[38;5;12mhelp: use associated function syntax instead: `Arc::<parking_lot::lock_api::RwLock<parking_lot::RawRwLock, Box<(dyn Node + 'static)>>>::ptr_eq(&n, &node)`\u001b[0m\n\u001b[0m   \u001b[0m\u001b[0m\u001b[1m\u001b[38;5;12m|\u001b[0m\n\u001b[0m   \u001b[0m\u001b[0m\u001b[1m\u001b[38;5;12m= \u001b[0m\u001b[0m\u001b[1mnote\u001b[0m\u001b[0m: found the following associated functions; to be used as methods, functions must have a `self` parameter\u001b[0m\n\u001b[0m   \u001b[0m\u001b[0m\u001b[1m\u001b[38;5;12m= \u001b[0m\u001b[0m\u001b[1mnote\u001b[0m\u001b[0m: the candidate is defined in an impl for the type `Arc<T, A>`\u001b[0m\n\n"}
{"$message_type":"diagnostic","message":"the trait bound `Arc<RwLock<RawRwLock, Element>>: TryFrom<Arc<RwLock<RawRwLock, ...>>>` is not satisfied","code":{"code":"E0277","explanation":"You tried to use a type which doesn't implement some trait in a place which\nexpected that trait.\n\nErroneous code example:\n\n```compile_fail,E0277\n// here we declare the Foo trait with a bar method\ntrait Foo {\n    fn bar(&self);\n}\n\n// we now declare a function which takes an object implementing the Foo trait\nfn some_func<T: Foo>(foo: T) {\n    foo.bar();\n}\n\nfn main() {\n    // we now call the method with the i32 type, which doesn't implement\n    // the Foo trait\n    some_func(5i32); // error: the trait bound `i32 : Foo` is not satisfied\n}\n```\n\nIn order to fix this error, verify that the type you're using does implement\nthe trait. Example:\n\n```\ntrait Foo {\n    fn bar(&self);\n}\n\n// we implement the trait on the i32 type\nimpl Foo for i32 {\n    fn bar(&self) {}\n}\n\nfn some_func<T: Foo>(foo: T) {\n    foo.bar(); // we can now use this method since i32 implements the\n               // Foo trait\n}\n\nfn main() {\n    some_func(5i32); // ok!\n}\n```\n\nOr in a generic context, an erroneous code example would look like:\n\n```compile_fail,E0277\nfn some_func<T>(foo: T) {\n    println!(\"{:?}\", foo); // error: the trait `core::fmt::Debug` is not\n                           //        implemented for the type `T`\n}\n\nfn main() {\n    // We now call the method with the i32 type,\n    // which *does* implement the Debug trait.\n    some_func(5i32);\n}\n```\n\nNote that the error here is in the definition of the generic function. Although\nwe only call it with a parameter that does implement `Debug`, the compiler\nstill rejects the function. It must work with all possible input types. In\norder to make this example compile, we need to restrict the generic type we're\naccepting:\n\n```\nuse std::fmt;\n\n// Restrict the input type to types that implement Debug.\nfn some_func<T: fmt::Debug>(foo: T) {\n    println!(\"{:?}\", foo);\n}\n\nfn main() {\n    // Calling the method is still fine, as i32 implements Debug.\n    some_func(5i32);\n\n    // This would fail to compile now:\n    // struct WithoutDebug;\n    // some_func(WithoutDebug);\n}\n```\n\nRust only looks at the signature of the called function, as such it must\nalready specify all requirements that will be used for every type parameter.\n"},"level":"error","spans":[{"file_name":"src/shadow/slot.rs","byte_start":3216,"byte_end":3226,"line_start":116,"line_end":116,"column_start":54,"column_end":64,"is_primary":true,"text":[{"text":"            let should_assign = if let Ok(element) = ElementRef::try_from(node.clone()) {","highlight_start":54,"highlight_end":64}],"label":"unsatisfied trait bound","suggested_replacement":null,"suggestion_applicability":null,"expansion":null}],"children":[{"message":"the trait `From<Arc<parking_lot::lock_api::RwLock<parking_lot::RawRwLock, Box<(dyn Node + 'static)>>>>` is not implemented for `Arc<parking_lot::lock_api::RwLock<parking_lot::RawRwLock, dom_core::Element>>`","code":null,"level":"help","spans":[],"children":[],"rendered":null},{"message":"the following other types implement trait `From<T>`:\n  `Arc<B>` implements `From<Cow<'_, B>>`\n  `Arc<ByteStr>` implements `From<Arc<[u8]>>`\n  `Arc<CStr>` implements `From<&CStr>`\n  `Arc<CStr>` implements `From<&mut CStr>`\n  `Arc<CStr>` implements `From<CString>`\n  `Arc<OsStr>` implements `From<&OsStr>`\n  `Arc<OsStr>` implements `From<&mut OsStr>`\n  `Arc<OsStr>` implements `From<OsString>`\nand 14 others","code":null,"level":"help","spans":[],"children":[],"rendered":null},{"message":"required for `Arc<parking_lot::lock_api::RwLock<parking_lot::RawRwLock, Box<(dyn Node + 'static)>>>` to implement `Into<Arc<parking_lot::lock_api::RwLock<parking_lot::RawRwLock, dom_core::Element>>>`","code":null,"level":"note","spans":[],"children":[],"rendered":null},{"message":"required for `Arc<parking_lot::lock_api::RwLock<parking_lot::RawRwLock, dom_core::Element>>` to implement `TryFrom<Arc<RwLock<RawRwLock, Box<dyn Node>>>>`","code":null,"level":"note","spans":[],"children":[],"rendered":null},{"message":"the full name for the type has been written to '/home/user/Corten-DOM/components/dom_advanced/target/debug/deps/dom_advanced-26c374f0b245546d.long-type-4589538563580928533.txt'","code":null,"level":"note","spans":[],"children":[],"rendered":null},{"message":"consider using `--verbose` to print the full type name to the console","code":null,"level":"note","spans":[],"children":[],"rendered":null}],"rendered":"\u001b[0m\u001b[1m\u001b[38;5;9merror[E0277]\u001b[0m\u001b[0m\u001b[1m: the trait bound `Arc<RwLock<RawRwLock, Element>>: TryFrom<Arc<RwLock<RawRwLock, ...>>>` is not satisfied\u001b[0m\n\u001b[0m   \u001b[0m\u001b[0m\u001b[1m\u001b[38;5;12m--> \u001b[0m\u001b[0msrc/shadow/slot.rs:116:54\u001b[0m\n\u001b[0m    \u001b[0m\u001b[0m\u001b[1m\u001b[38;5;12m|\u001b[0m\n\u001b[0m\u001b[1m\u001b[38;5;12m116\u001b[0m\u001b[0m \u001b[0m\u001b[0m\u001b[1m\u001b[38;5;12m|\u001b[0m\u001b[0m \u001b[0m\u001b[0m            let should_assign = if let Ok(element) = ElementRef::try_from(node.clone()) {\u001b[0m\n\u001b[0m    \u001b[0m\u001b[0m\u001b[1m\u001b[38;5;12m|\u001b[0m\u001b[0m                                                      \u001b[0m\u001b[0m\u001b[1m\u001b[38;5;9m^^^^^^^^^^\u001b[0m\u001b[0m \u001b[0m\u001b[0m\u001b[1m\u001b[38;5;9munsatisfied trait bound\u001b[0m\n\u001b[0m    \u001b[0m\u001b[0m\u001b[1m\u001b[38;5;12m|\u001b[0m\n\u001b[0m    \u001b[0m\u001b[0m\u001b[1m\u001b[38;5;12m= \u001b[0m\u001b[0m\u001b[1mhelp\u001b[0m\u001b[0m: the trait `From<Arc<parking_lot::lock_api::RwLock<parking_lot::RawRwLock, Box<(dyn Node + 'static)>>>>` is not implemented for `Arc<parking_lot::lock_api::RwLock<parking_lot::RawRwLock, dom_core::Element>>`\u001b[0m\n\u001b[0m    \u001b[0m\u001b[0m\u001b[1m\u001b[38;5;12m= \u001b[0m\u001b[0m\u001b[1mhelp\u001b[0m\u001b[0m: the following other types implement trait `From<T>`:\u001b[0m\n\u001b[0m              `Arc<B>` implements `From<Cow<'_, B>>`\u001b[0m\n\u001b[0m              `Arc<ByteStr>` implements `From<Arc<[u8]>>`\u001b[0m\n\u001b[0m              `Arc<CStr>` implements `From<&CStr>`\u001b[0m\n\u001b[0m              `Arc<CStr>` implements `From<&mut CStr>`\u001b[0m\n\u001b[0m              `Arc<CStr>` implements `From<CString>`\u001b[0m\n\u001b[0m              `Arc<OsStr>` implements `From<&OsStr>`\u001b[0m\n\u001b[0m              `Arc<OsStr>` implements `From<&mut OsStr>`\u001b[0m\n\u001b[0m              `Arc<OsStr>` implements `From<OsString>`\u001b[0m\n\u001b[0m            and 14 others\u001b[0m\n\u001b[0m    \u001b[0m\u001b[0m\u001b[1m\u001b[38;5;12m= \u001b[0m\u001b[0m\u001b[1mnote\u001b[0m\u001b[0m: required for `Arc<parking_lot::lock_api::RwLock<parking_lot::RawRwLock, Box<(dyn Node + 'static)>>>` to implement `Into<Arc<parking_lot::lock_api::RwLock<parking_lot::RawRwLock, dom_core::Element>>>`\u001b[0m\n\u001b[0m    \u001b[0m\u001b[0m\u001b[1m\u001b[38;5;12m= \u001b[0m\u001b[0m\u001b[1mnote\u001b[0m\u001b[0m: required for `Arc<parking_lot::lock_api::RwLock<parking_lot::RawRwLock, dom_core::Element>>` to implement `TryFrom<Arc<RwLock<RawRwLock, Box<dyn Node>>>>`\u001b[0m\n\u001b[0m    \u001b[0m\u001b[0m\u001b[1m\u001b[38;5;12m= \u001b[0m\u001b[0m\u001b[1mnote\u001b[0m\u001b[0m: the full name for the type has been written to '/home/user/Corten-DOM/components/dom_advanced/target/debug/deps/dom_advanced-26c374f0b245546d.long-type-4589538563580928533.txt'\u001b[0m\n\u001b[0m    \u001b[0m\u001b[0m\u001b[1m\u001b[38;5;12m= \u001b[0m\u001b[0m\u001b[1mnote\u001b[0m\u001b[0m: consider using `--verbose` to print the full type name to the console\u001b[0m\n\n"}
{"$message_type":"diagnostic","message":"the trait bound `Arc<RwLock<RawRwLock, Element>>: From<Arc<RwLock<RawRwLock, ...>>>` is not satisfied","code":{"code":"E0277","explanation":"You tried to use a type which doesn't implement some trait in a place which\nexpected that trait.\n\nErroneous code example:\n\n```compile_fail,E0277\n// here we declare the Foo trait with a bar method\ntrait Foo {\n    fn bar(&self);\n}\n\n// we now declare a function which takes an object implementing the Foo trait\nfn some_func<T: Foo>(foo: T) {\n    foo.bar();\n}\n\nfn main() {\n    // we now call the method with the i32 type, which doesn't implement\n    // the Foo trait\n    some_func(5i32); // error: the trait bound `i32 : Foo` is not satisfied\n}\n```\n\nIn order to fix this error, verify that the type you're using does implement\nthe trait. Example:\n\n```\ntrait Foo {\n    fn bar(&self);\n}\n\n// we implement the trait on the i32 type\nimpl Foo for i32 {\n    fn bar(&self) {}\n}\n\nfn some_func<T: Foo>(foo: T) {\n    foo.bar(); // we can now use this method since i32 implements the\n               // Foo trait\n}\n\nfn main() {\n    some_func(5i32); // ok!\n}\n```\n\nOr in a generic context, an erroneous code example would look like:\n\n```compile_fail,E0277\nfn some_func<T>(foo: T) {\n    println!(\"{:?}\", foo); // error: the trait `core::fmt::Debug` is not\n                           //        implemented for the type `T`\n}\n\nfn main() {\n    // We now call the method with the i32 type,\n    // which *does* implement the Debug trait.\n    some_func(5i32);\n}\n```\n\nNote that the error here is in the definition of the generic function. Although\nwe only call it with a parameter that does implement `Debug`, the compiler\nstill rejects the function. It must work with all possible input types. In\norder to make this example compile, we need to restrict the generic type we're\naccepting:\n\n```\nuse std::fmt;\n\n// Restrict the input type to types that implement Debug.\nfn some_func<T: fmt::Debug>(foo: T) {\n    println!(\"{:?}\", foo);\n}\n\nfn main() {\n    // Calling the method is still fine, as i32 implements Debug.\n    some_func(5i32);\n\n    // This would fail to compile now:\n    // struct WithoutDebug;\n    // some_func(WithoutDebug);\n}\n```\n\nRust only looks at the signature of the called function, as such it must\nalready specify all requirements that will be used for every type parameter.\n"},"level":"error","spans":[{"file_name":"src/shadow/slot.rs","byte_start":3216,"byte_end":3250,"line_start":116,"line_end":116,"column_start":54,"column_end":88,"is_primary":true,"text":[{"text":"            let should_assign = if let Ok(element) = ElementRef::try_from(node.clone()) {","highlight_start":54,"highlight_end":88}],"label":"unsatisfied trait bound","suggested_replacement":null,"suggestion_applicability":null,"expansion":null}],"children":[{"message":"the trait `From<Arc<parking_lot::lock_api::RwLock<parking_lot::RawRwLock, Box<(dyn Node + 'static)>>>>` is not implemented for `Arc<parking_lot::lock_api::RwLock<parking_lot::RawRwLock, dom_core::Element>>`","code":null,"level":"help","spans":[],"children":[],"rendered":null},{"message":"the following other types implement trait `From<T>`:\n  `Arc<B>` implements `From<Cow<'_, B>>`\n  `Arc<ByteStr>` implements `From<Arc<[u8]>>`\n  `Arc<CStr>` implements `From<&CStr>`\n  `Arc<CStr>` implements `From<&mut CStr>`\n  `Arc<CStr>` implements `From<CString>`\n  `Arc<OsStr>` implements `From<&OsStr>`\n  `Arc<OsStr>` implements `From<&mut OsStr>`\n  `Arc<OsStr>` implements `From<OsString>`\nand 14 others","code":null,"level":"help","spans":[],"children":[],"rendered":null},{"message":"required for `Arc<parking_lot::lock_api::RwLock<parking_lot::RawRwLock, Box<(dyn Node + 'static)>>>` to implement `Into<Arc<parking_lot::lock_api::RwLock<parking_lot::RawRwLock, dom_core::Element>>>`","code":null,"level":"note","spans":[],"children":[],"rendered":null},{"message":"required for `Arc<parking_lot::lock_api::RwLock<parking_lot::RawRwLock, dom_core::Element>>` to implement `TryFrom<Arc<RwLock<RawRwLock, Box<dyn Node>>>>`","code":null,"level":"note","spans":[],"children":[],"rendered":null},{"message":"the full name for the type has been written to '/home/user/Corten-DOM/components/dom_advanced/target/debug/deps/dom_advanced-26c374f0b245546d.long-type-9417791973087207801.txt'","code":null,"level":"note","spans":[],"children":[],"rendered":null},{"message":"consider using `--verbose` to print the full type name to the console","code":null,"level":"note","spans":[],"children":[],"rendered":null}],"rendered":"\u001b[0m\u001b[1m\u001b[38;5;9merror[E0277]\u001b[0m\u001b[0m\u001b[1m: the trait bound `Arc<RwLock<RawRwLock, Element>>: From<Arc<RwLock<RawRwLock, ...>>>` is not satisfied\u001b[0m\n\u001b[0m   \u001b[0m\u001b[0m\u001b[1m\u001b[38;5;12m--> \u001b[0m\u001b[0msrc/shadow/slot.rs:116:54\u001b[0m\n\u001b[0m    \u001b[0m\u001b[0m\u001b[1m\u001b[38;5;12m|\u001b[0m\n\u001b[0m\u001b[1m\u001b[38;5;12m116\u001b[0m\u001b[0m \u001b[0m\u001b[0m\u001b[1m\u001b[38;5;12m|\u001b[0m\u001b[0m \u001b[0m\u001b[0m            let should_assign = if let Ok(element) = ElementRef::try_from(node.clone()) {\u001b[0m\n\u001b[0m    \u001b[0m\u001b[0m\u001b[1m\u001b[38;5;12m|\u001b[0m\u001b[0m                                                      \u001b[0m\u001b[0m\u001b[1m\u001b[38;5;9m^^^^^^^^^^^^^^^^^^^^^^^^^^^^^^^^^^\u001b[0m\u001b[0m \u001b[0m\u001b[0m\u001b[1m\u001b[38;5;9munsatisfied trait bound\u001b[0m\n\u001b[0m    \u001b[0m\u001b[0m\u001b[1m\u001b[38;5;12m|\u001b[0m\n\u001b[0m    \u001b[0m\u001b[0m\u001b[1m\u001b[38;5;12m= \u001b[0m\u001b[0m\u001b[1mhelp\u001b[0m\u001b[0m: the trait `From<Arc<parking_lot::lock_api::RwLock<parking_lot::RawRwLock, Box<(dyn Node + 'static)>>>>` is not implemented for `Arc<parking_lot::lock_api::RwLock<parking_lot::RawRwLock, dom_core::Element>>`\u001b[0m\n\u001b[0m    \u001b[0m\u001b[0m\u001b[1m\u001b[38;5;12m= \u001b[0m\u001b[0m\u001b[1mhelp\u001b[0m\u001b[0m: the following other types implement trait `From<T>`:\u001b[0m\n\u001b[0m              `Arc<B>` implements `From<Cow<'_, B>>`\u001b[0m\n\u001b[0m              `Arc<ByteStr>` implements `From<Arc<[u8]>>`\u001b[0m\n\u001b[0m              `Arc<CStr>` implements `From<&CStr>`\u001b[0m\n\u001b[0m              `Arc<CStr>` implements `From<&mut CStr>`\u001b[0m\n\u001b[0m              `Arc<CStr>` implements `From<CString>`\u001b[0m\n\u001b[0m              `Arc<OsStr>` implements `From<&OsStr>`\u001b[0m\n\u001b[0m              `Arc<OsStr>` implements `From<&mut OsStr>`\u001b[0m\n\u001b[0m              `Arc<OsStr>` implements `From<OsString>`\u001b[0m\n\u001b[0m            and 14 others\u001b[0m\n\u001b[0m    \u001b[0m\u001b[0m\u001b[1m\u001b[38;5;12m= \u001b[0m\u001b[0m\u001b[1mnote\u001b[0m\u001b[0m: required for `Arc<parking_lot::lock_api::RwLock<parking_lot::RawRwLock, Box<(dyn Node + 'static)>>>` to implement `Into<Arc<parking_lot::lock_api::RwLock<parking_lot::RawRwLock, dom_core::Element>>>`\u001b[0m\n\u001b[0m    \u001b[0m\u001b[0m\u001b[1m\u001b[38;5;12m= \u001b[0m\u001b[0m\u001b[1mnote\u001b[0m\u001b[0m: required for `Arc<parking_lot::lock_api::RwLock<parking_lot::RawRwLock, dom_core::Element>>` to implement `TryFrom<Arc<RwLock<RawRwLock, Box<dyn Node>>>>`\u001b[0m\n\u001b[0m    \u001b[0m\u001b[0m\u001b[1m\u001b[38;5;12m= \u001b[0m\u001b[0m\u001b[1mnote\u001b[0m\u001b[0m: the full name for the type has been written to '/home/user/Corten-DOM/components/dom_advanced/target/debug/deps/dom_advanced-26c374f0b245546d.long-type-9417791973087207801.txt'\u001b[0m\n\u001b[0m    \u001b[0m\u001b[0m\u001b[1m\u001b[38;5;12m= \u001b[0m\u001b[0m\u001b[1mnote\u001b[0m\u001b[0m: consider using `--verbose` to print the full type name to the console\u001b[0m\n\n"}
{"$message_type":"diagnostic","message":"cannot borrow `fragment` as mutable, as it is not declared as mutable","code":{"code":"E0596","explanation":"This error occurs because you tried to mutably borrow a non-mutable variable.\n\nErroneous code example:\n\n```compile_fail,E0596\nlet x = 1;\nlet y = &mut x; // error: cannot borrow mutably\n```\n\nIn here, `x` isn't mutable, so when we try to mutably borrow it in `y`, it\nfails. To fix this error, you need to make `x` mutable:\n\n```\nlet mut x = 1;\nlet y = &mut x; // ok!\n```\n"},"level":"error","spans":[{"file_name":"src/range.rs","byte_start":6633,"byte_end":6641,"line_start":192,"line_end":192,"column_start":21,"column_end":29,"is_primary":true,"text":[{"text":"                    fragment.append_child(text_ref)?;","highlight_start":21,"highlight_end":29}],"label":"cannot borrow as mutable","suggested_replacement":null,"suggestion_applicability":null,"expansion":null}],"children":[{"message":"consider changing this to be mutable","code":null,"level":"help","spans":[{"file_name":"src/range.rs","byte_start":5554,"byte_end":5554,"line_start":169,"line_end":169,"column_start":13,"column_end":13,"is_primary":true,"text":[{"text":"        let fragment = dom_core::DocumentFragment::new();","highlight_start":13,"highlight_end":13}],"label":null,"suggested_replacement":"mut ","suggestion_applicability":"MachineApplicable","expansion":null}],"children":[],"rendered":null}],"rendered":"\u001b[0m\u001b[1m\u001b[38;5;9merror[E0596]\u001b[0m\u001b[0m\u001b[1m: cannot borrow `fragment` as mutable, as it is not declared as mutable\u001b[0m\n\u001b[0m   \u001b[0m\u001b[0m\u001b[1m\u001b[38;5;12m--> \u001b[0m\u001b[0msrc/range.rs:192:21\u001b[0m\n\u001b[0m    \u001b[0m\u001b[0m\u001b[1m\u001b[38;5;12m|\u001b[0m\n\u001b[0m\u001b[1m\u001b[38;5;12m192\u001b[0m\u001b[0m \u001b[0m\u001b[0m\u001b[1m\u001b[38;5;12m|\u001b[0m\u001b[0m \u001b[0m\u001b[0m                    fragment.append_child(text_ref)?;\u001b[0m\n\u001b[0m    \u001b[0m\u001b[0m\u001b[1m\u001b[38;5;12m|\u001b[0m\u001b[0m                     \u001b[0m\u001b[0m\u001b[1m\u001b[38;5;9m^^^^^^^^\u001b[0m\u001b[0m \u001b[0m\u001b[0m\u001b[1m\u001b[38;5;9mcannot borrow as mutable\u001b[0m\n\u001b[0m    \u001b[0m\u001b[0m\u001b[1m\u001b[38;5;12m|\u001b[0m\n\u001b[0m\u001b[1m\u001b[38;5;14mhelp\u001b[0m\u001b[0m: consider changing this to be mutable\u001b[0m\n\u001b[0m    \u001b[0m\u001b[0m\u001b[1m\u001b[38;5;12m|\u001b[0m\n\u001b[0m\u001b[1m\u001b[38;5;12m169\u001b[0m\u001b[0m \u001b[0m\u001b[0m\u001b[1m\u001b[38;5;12m| \u001b[0m\u001b[0m        let \u001b[0m\u001b[0m\u001b[38;5;10mmut \u001b[0m\u001b[0mfragment = dom_core::DocumentFragment::new();\u001b[0m\n\u001b[0m    \u001b[0m\u001b[0m\u001b[1m\u001b[38;5;12m|\u001b[0m\u001b[0m             \u001b[0m\u001b[0m\u001b[38;5;10m+++\u001b[0m\n\n"}
{"$message_type":"diagnostic","message":"aborting due to 23 previous errors","code":null,"level":"error","spans":[],"children":[],"rendered":"\u001b[0m\u001b[1m\u001b[38;5;9merror\u001b[0m\u001b[0m\u001b[1m: aborting due to 23 previous errors\u001b[0m\n\n"}
{"$message_type":"diagnostic","message":"Some errors have detailed explanations: E0277, E0308, E0596, E0599.","code":null,"level":"failure-note","spans":[],"children":[],"rendered":"\u001b[0m\u001b[1mSome errors have detailed explanations: E0277, E0308, E0596, E0599.\u001b[0m\n"}
{"$message_type":"diagnostic","message":"For more information about an error, try `rustc --explain E0277`.","code":null,"level":"failure-note","spans":[],"children":[],"rendered":"\u001b[0m\u001b[1mFor more information about an error, try `rustc --explain E0277`.\u001b[0m\n"}
